Using pre-set license
Built from '2020.3/staging' branch; Version is '2020.3.25f1 (9b9180224418) revision 10195328'; Using compiler version '192528614'; Build Type 'Release'
OS: 'Windows 11  (10.0.22000) 64bit Professional' Language: 'tr' Physical Memory: 32678 MB
BatchMode: 1, IsHumanControllingUs: 0, StartBugReporterOnCrash: 0, Is64bit: 1, IsPro: 0

COMMAND LINE ARGUMENTS:
C:\Program Files\Unity\Hub\Editor\2020.3.25f1\Editor\Unity.exe
-adb2
-batchMode
-noUpm
-name
AssetImportWorker0
-projectPath
D:/Projeler/UnityProjects/first-2d-game-example/First2DGame
-logFile
Logs/AssetImportWorker0.log
-srvPort
59647
Successfully changed project path to: D:/Projeler/UnityProjects/first-2d-game-example/First2DGame
D:/Projeler/UnityProjects/first-2d-game-example/First2DGame
Using Asset Import Pipeline V2.
Refreshing native plugins compatible for Editor in 30.17 ms, found 3 plugins.
Preloading 0 native plugins for Editor in 0.00 ms.
Initialize engine version: 2020.3.25f1 (9b9180224418)
[Subsystems] Discovering subsystems at path C:/Program Files/Unity/Hub/Editor/2020.3.25f1/Editor/Data/Resources/UnitySubsystems
[Subsystems] Discovering subsystems at path D:/Projeler/UnityProjects/first-2d-game-example/First2DGame/Assets
GfxDevice: creating device client; threaded=0
Direct3D:
    Version:  Direct3D 11.0 [level 11.1]
    Renderer: NVIDIA GeForce RTX 3070 (ID=0x2484)
    Vendor:   
    VRAM:     8043 MB
    Driver:   30.0.14.9729
Initialize mono
Mono path[0] = 'C:/Program Files/Unity/Hub/Editor/2020.3.25f1/Editor/Data/Managed'
Mono path[1] = 'C:/Program Files/Unity/Hub/Editor/2020.3.25f1/Editor/Data/MonoBleedingEdge/lib/mono/unityjit'
Mono config path = 'C:/Program Files/Unity/Hub/Editor/2020.3.25f1/Editor/Data/MonoBleedingEdge/etc'
Using monoOptions --debugger-agent=transport=dt_socket,embedding=1,server=y,suspend=n,address=127.0.0.1:56224
Begin MonoManager ReloadAssembly
Registering precompiled unity dll's ...
Register platform support module: C:/Program Files/Unity/Hub/Editor/2020.3.25f1/Editor/Data/PlaybackEngines/WindowsStandaloneSupport/UnityEditor.WindowsStandalone.Extensions.dll
Registered in 0.001003 seconds.
Native extension for WindowsStandalone target not found
Refreshing native plugins compatible for Editor in 30.89 ms, found 3 plugins.
Preloading 0 native plugins for Editor in 0.00 ms.
Mono: successfully reloaded assembly
- Completed reload, in  0.352 seconds
Domain Reload Profiling:
	ReloadAssembly (352ms)
		BeginReloadAssembly (31ms)
			ExecutionOrderSort (0ms)
			DisableScriptedObjects (0ms)
			BackupInstance (0ms)
			ReleaseScriptingObjects (0ms)
			CreateAndSetChildDomain (0ms)
		EndReloadAssembly (277ms)
			LoadAssemblies (30ms)
			RebuildTransferFunctionScriptingTraits (0ms)
			SetupTypeCache (85ms)
			ReleaseScriptCaches (0ms)
			RebuildScriptCaches (17ms)
			SetupLoadedEditorAssemblies (114ms)
				LogAssemblyErrors (0ms)
				InitializePlatformSupportModulesInManaged (3ms)
				SetLoadedEditorAssemblies (0ms)
				RefreshPlugins (31ms)
				BeforeProcessingInitializeOnLoad (10ms)
				ProcessInitializeOnLoadAttributes (53ms)
				ProcessInitializeOnLoadMethodAttributes (18ms)
				AfterProcessingInitializeOnLoad (0ms)
				EditorAssembliesLoaded (0ms)
			ExecutionOrderSort2 (0ms)
			AwakeInstancesAfterBackupRestoration (0ms)
Platform modules already initialized, skipping
Registering precompiled user dll's ...
Registered in 0.001868 seconds.
Begin MonoManager ReloadAssembly
Native extension for WindowsStandalone target not found
Refreshing native plugins compatible for Editor in 30.62 ms, found 3 plugins.
Preloading 0 native plugins for Editor in 0.00 ms.
Mono: successfully reloaded assembly
- Completed reload, in  0.670 seconds
Domain Reload Profiling:
	ReloadAssembly (670ms)
		BeginReloadAssembly (84ms)
			ExecutionOrderSort (0ms)
			DisableScriptedObjects (3ms)
			BackupInstance (0ms)
			ReleaseScriptingObjects (0ms)
			CreateAndSetChildDomain (13ms)
		EndReloadAssembly (548ms)
			LoadAssemblies (53ms)
			RebuildTransferFunctionScriptingTraits (0ms)
			SetupTypeCache (173ms)
			ReleaseScriptCaches (0ms)
			RebuildScriptCaches (28ms)
			SetupLoadedEditorAssemblies (224ms)
				LogAssemblyErrors (0ms)
				InitializePlatformSupportModulesInManaged (2ms)
				SetLoadedEditorAssemblies (0ms)
				RefreshPlugins (31ms)
				BeforeProcessingInitializeOnLoad (53ms)
				ProcessInitializeOnLoadAttributes (123ms)
				ProcessInitializeOnLoadMethodAttributes (11ms)
				AfterProcessingInitializeOnLoad (3ms)
				EditorAssembliesLoaded (0ms)
			ExecutionOrderSort2 (0ms)
			AwakeInstancesAfterBackupRestoration (4ms)
Platform modules already initialized, skipping
========================================================================
Worker process is ready to serve import requests
Launched and connected shader compiler UnityShaderCompiler.exe after 0.03 seconds
Refreshing native plugins compatible for Editor in 0.44 ms, found 3 plugins.
Preloading 0 native plugins for Editor in 0.00 ms.
Unloading 2208 Unused Serialized files (Serialized files now loaded: 0)
System memory in use before: 96.3 MB.
System memory in use after: 96.4 MB.

Unloading 28 unused Assets to reduce memory usage. Loaded Objects now: 2643.
Total: 2.536200 ms (FindLiveObjects: 0.214900 ms CreateObjectMapping: 0.055200 ms MarkObjects: 2.212300 ms  DeleteObjects: 0.052800 ms)

AssetImportParameters requested are different than current active one (requested -> active):
  custom:framework-win-MediaFoundation: 216162199b28c13a410421893ffa2e32 -> 
  custom:video-decoder-ogg-theora: a1e56fd34408186e4bbccfd4996cb3dc -> 
  custom:container-muxer-webm: aa71ff27fc2769a1b78a27578f13a17b -> 
  custom:container-demuxer-webm: 4f35f7cbe854078d1ac9338744f61a02 -> 
  custom:container-demuxer-ogg: 62fdf1f143b41e24485cea50d1cbac27 -> 
  custom:video-encoder-webm-vp8: eb34c28f22e8b96e1ab97ce403110664 -> 
  custom:video-decoder-webm-vp8: 9c59270c3fd7afecdb556c50c9e8de78 -> 
  custom:audio-decoder-ogg-vorbis: bf7c407c2cedff20999df2af8eb42d56 -> 
  custom:audio-encoder-webm-vorbis: bf7c407c2cedff20999df2af8eb42d56 -> 
========================================================================
Received Import Request.
  path: Assets/_Heathen Engineering/Assets
  artifactKey: Guid(67bb46dfd509932429fc985052104b72) Importer(815301076,1909f56bfc062723c751e8b465ee728b)
Start importing Assets/_Heathen Engineering/Assets using Guid(67bb46dfd509932429fc985052104b72) Importer(815301076,1909f56bfc062723c751e8b465ee728b)  -> (artifact id: '3e000b07d35c995284235b7065300091') in 0.007002 seconds 
  Import took 0.009404 seconds .

========================================================================
Received Import Request.
  Time since last request: 0.000111 seconds.
  path: Assets/_Heathen Engineering/Assets/UX
  artifactKey: Guid(847642ab4c6075d4d934ce75df517885) Importer(815301076,1909f56bfc062723c751e8b465ee728b)
Start importing Assets/_Heathen Engineering/Assets/UX using Guid(847642ab4c6075d4d934ce75df517885) Importer(815301076,1909f56bfc062723c751e8b465ee728b)  -> (artifact id: 'd32cf4a5795267652dd7fedfd676a080') in 0.004465 seconds 
  Import took 0.006663 seconds .

========================================================================
Received Import Request.
  Time since last request: 0.000192 seconds.
  path: Assets/_Heathen Engineering/Assets/UX/Icons
  artifactKey: Guid(00431337d21e1ff4f80d7e6f0761c4ee) Importer(815301076,1909f56bfc062723c751e8b465ee728b)
Start importing Assets/_Heathen Engineering/Assets/UX/Icons using Guid(00431337d21e1ff4f80d7e6f0761c4ee) Importer(815301076,1909f56bfc062723c751e8b465ee728b)  -> (artifact id: 'b488f68a9334b4581b782fdf7365b66c') in 0.005302 seconds 
  Import took 0.007717 seconds .

========================================================================
Received Import Request.
  Time since last request: 0.000125 seconds.
  path: Assets/_Heathen Engineering/Assets/UX/HeathenEngineering.UX.asmdef
  artifactKey: Guid(f5702ca0318eb1942af8daf18131f44d) Importer(815301076,1909f56bfc062723c751e8b465ee728b)
Start importing Assets/_Heathen Engineering/Assets/UX/HeathenEngineering.UX.asmdef using Guid(f5702ca0318eb1942af8daf18131f44d) Importer(815301076,1909f56bfc062723c751e8b465ee728b)  -> (artifact id: '95983ba56975112fde816abd0bdd6a7b') in 0.015574 seconds 
  Import took 0.017919 seconds .

========================================================================
Received Import Request.
  Time since last request: 0.443755 seconds.
  path: Assets/_Heathen Engineering/Assets/UX/Icons/Flat Icons [Free]
  artifactKey: Guid(15e6763d3d1ad8046889af0be1224f8e) Importer(815301076,1909f56bfc062723c751e8b465ee728b)
Start importing Assets/_Heathen Engineering/Assets/UX/Icons/Flat Icons [Free] using Guid(15e6763d3d1ad8046889af0be1224f8e) Importer(815301076,1909f56bfc062723c751e8b465ee728b)  -> (artifact id: '88585dc3c7305192871a45bb51d4a2b9') in 0.005270 seconds 
  Import took 0.007697 seconds .

========================================================================
Received Import Request.
  Time since last request: 0.072890 seconds.
  path: Assets/_Heathen Engineering/Assets/UX/Icons/Flat Icons [Free]/Free Flat Arrow 1 E Icon.png
  artifactKey: Guid(b0b13fccedbbc0243acde6180912a042) Importer(815301076,1909f56bfc062723c751e8b465ee728b)
Start importing Assets/_Heathen Engineering/Assets/UX/Icons/Flat Icons [Free]/Free Flat Arrow 1 E Icon.png using Guid(b0b13fccedbbc0243acde6180912a042) Importer(815301076,1909f56bfc062723c751e8b465ee728b)  -> (artifact id: '17edc30ed9a8c64cd6c0e9233e24cf95') in 0.051055 seconds 
  Import took 0.053735 seconds .

========================================================================
Received Import Request.
  Time since last request: 0.000112 seconds.
  path: Assets/_Heathen Engineering/Assets/UX/Icons/Flat Icons [Free]/Free Flat Arrow 1 W Icon.png
  artifactKey: Guid(f1737b486a23f634bb246de79b8d4f4b) Importer(815301076,1909f56bfc062723c751e8b465ee728b)
Start importing Assets/_Heathen Engineering/Assets/UX/Icons/Flat Icons [Free]/Free Flat Arrow 1 W Icon.png using Guid(f1737b486a23f634bb246de79b8d4f4b) Importer(815301076,1909f56bfc062723c751e8b465ee728b)  -> (artifact id: 'f4bf5c171be2259104405090213f2d23') in 0.011300 seconds 
  Import took 0.013689 seconds .

========================================================================
Received Import Request.
  Time since last request: 0.000106 seconds.
  path: Assets/_Heathen Engineering/Assets/UX/Icons/Flat Icons [Free]/Free Flat Arrow 1 NE Icon.png
  artifactKey: Guid(279a7f16bcc31014ea2d1e135f042805) Importer(815301076,1909f56bfc062723c751e8b465ee728b)
Start importing Assets/_Heathen Engineering/Assets/UX/Icons/Flat Icons [Free]/Free Flat Arrow 1 NE Icon.png using Guid(279a7f16bcc31014ea2d1e135f042805) Importer(815301076,1909f56bfc062723c751e8b465ee728b)  -> (artifact id: '2db852cc11c880a1b245c927f567bf0c') in 0.008882 seconds 
  Import took 0.011248 seconds .

========================================================================
Received Import Request.
  Time since last request: 0.000098 seconds.
  path: Assets/_Heathen Engineering/Assets/UX/Icons/Flat Icons [Free]/Free Flat Arrow 3 S Icon.png
  artifactKey: Guid(4e424f4b39c7f494faefd764418e86a3) Importer(815301076,1909f56bfc062723c751e8b465ee728b)
Start importing Assets/_Heathen Engineering/Assets/UX/Icons/Flat Icons [Free]/Free Flat Arrow 3 S Icon.png using Guid(4e424f4b39c7f494faefd764418e86a3) Importer(815301076,1909f56bfc062723c751e8b465ee728b)  -> (artifact id: '6a8e97e907cf004444e6522fa564308b') in 0.009008 seconds 
  Import took 0.011160 seconds .

========================================================================
Received Import Request.
  Time since last request: 0.000096 seconds.
  path: Assets/_Heathen Engineering/Assets/UX/Icons/Flat Icons [Free]/Free Flat Arrow 1 S Icon.png
  artifactKey: Guid(d1c17021ca3abd240940b57bdb8a735b) Importer(815301076,1909f56bfc062723c751e8b465ee728b)
Start importing Assets/_Heathen Engineering/Assets/UX/Icons/Flat Icons [Free]/Free Flat Arrow 1 S Icon.png using Guid(d1c17021ca3abd240940b57bdb8a735b) Importer(815301076,1909f56bfc062723c751e8b465ee728b)  -> (artifact id: 'ed3d2c0ea906d46bfd56bb9dfa32925a') in 0.009982 seconds 
  Import took 0.012401 seconds .

========================================================================
Received Import Request.
  Time since last request: 0.000112 seconds.
  path: Assets/_Heathen Engineering/Assets/UX/Icons/Flat Icons [Free]/Free Flat Arrow 1 SW Icon.png
  artifactKey: Guid(5a459e69f1835a3478400adb5f1138f9) Importer(815301076,1909f56bfc062723c751e8b465ee728b)
Start importing Assets/_Heathen Engineering/Assets/UX/Icons/Flat Icons [Free]/Free Flat Arrow 1 SW Icon.png using Guid(5a459e69f1835a3478400adb5f1138f9) Importer(815301076,1909f56bfc062723c751e8b465ee728b)  -> (artifact id: '076628ac8d5efa879c7ac82393b6a88a') in 0.009251 seconds 
  Import took 0.011583 seconds .

========================================================================
Received Import Request.
  Time since last request: 0.000102 seconds.
  path: Assets/_Heathen Engineering/Assets/UX/Icons/Flat Icons [Free]/Free Flat Arrow 2 NE Icon.png
  artifactKey: Guid(dbd95e0b0a894e24c80c1feabe91c32b) Importer(815301076,1909f56bfc062723c751e8b465ee728b)
Start importing Assets/_Heathen Engineering/Assets/UX/Icons/Flat Icons [Free]/Free Flat Arrow 2 NE Icon.png using Guid(dbd95e0b0a894e24c80c1feabe91c32b) Importer(815301076,1909f56bfc062723c751e8b465ee728b)  -> (artifact id: '4490f1878a1b34d5da63a9db9fd4b671') in 0.009120 seconds 
  Import took 0.011395 seconds .

========================================================================
Received Import Request.
  Time since last request: 0.000117 seconds.
  path: Assets/_Heathen Engineering/Assets/UX/Icons/Flat Icons [Free]/Free Flat Arrow 1 N Icon.png
  artifactKey: Guid(0135e3d1b81285f48997c72fd061f8d8) Importer(815301076,1909f56bfc062723c751e8b465ee728b)
Start importing Assets/_Heathen Engineering/Assets/UX/Icons/Flat Icons [Free]/Free Flat Arrow 1 N Icon.png using Guid(0135e3d1b81285f48997c72fd061f8d8) Importer(815301076,1909f56bfc062723c751e8b465ee728b)  -> (artifact id: 'cd7c9857000b150f99b4a6f31a496b0e') in 0.010488 seconds 
  Import took 0.013134 seconds .

========================================================================
Received Import Request.
  Time since last request: 0.000135 seconds.
  path: Assets/_Heathen Engineering/Assets/UX/Icons/Flat Icons [Free]/Free Flat Arrow 3 NW Icon.png
  artifactKey: Guid(0908671c4d9d28e4890451f605e68243) Importer(815301076,1909f56bfc062723c751e8b465ee728b)
Start importing Assets/_Heathen Engineering/Assets/UX/Icons/Flat Icons [Free]/Free Flat Arrow 3 NW Icon.png using Guid(0908671c4d9d28e4890451f605e68243) Importer(815301076,1909f56bfc062723c751e8b465ee728b)  -> (artifact id: '4f1ac7be741552ecfd7e3fc0cfd0ce24') in 0.010117 seconds 
  Import took 0.012720 seconds .

========================================================================
Received Import Request.
  Time since last request: 0.000103 seconds.
  path: Assets/_Heathen Engineering/Assets/UX/Icons/Flat Icons [Free]/Free Flat Arrow 2 S Icon.png
  artifactKey: Guid(3fcadb60666ffdc4ca5aaae842a00cb5) Importer(815301076,1909f56bfc062723c751e8b465ee728b)
Start importing Assets/_Heathen Engineering/Assets/UX/Icons/Flat Icons [Free]/Free Flat Arrow 2 S Icon.png using Guid(3fcadb60666ffdc4ca5aaae842a00cb5) Importer(815301076,1909f56bfc062723c751e8b465ee728b)  -> (artifact id: 'bc1bbdb844cbed801fe5a6feb2d10f33') in 0.008787 seconds 
  Import took 0.011111 seconds .

========================================================================
Received Import Request.
  Time since last request: 0.000108 seconds.
  path: Assets/_Heathen Engineering/Assets/UX/Icons/Flat Icons [Free]/Free Flat Arrow 3 SW Icon.png
  artifactKey: Guid(6d58acdac385dc546b74022fbe2912d7) Importer(815301076,1909f56bfc062723c751e8b465ee728b)
Start importing Assets/_Heathen Engineering/Assets/UX/Icons/Flat Icons [Free]/Free Flat Arrow 3 SW Icon.png using Guid(6d58acdac385dc546b74022fbe2912d7) Importer(815301076,1909f56bfc062723c751e8b465ee728b)  -> (artifact id: '673ee517b4500398b862d6ac582fbf65') in 0.009517 seconds 
  Import took 0.012051 seconds .

========================================================================
Received Import Request.
  Time since last request: 0.000103 seconds.
  path: Assets/_Heathen Engineering/Assets/UX/Icons/Flat Icons [Free]/Free Flat Arrow 2 SW Icon.png
  artifactKey: Guid(b986971d1c7b79f4da924287d73529da) Importer(815301076,1909f56bfc062723c751e8b465ee728b)
Start importing Assets/_Heathen Engineering/Assets/UX/Icons/Flat Icons [Free]/Free Flat Arrow 2 SW Icon.png using Guid(b986971d1c7b79f4da924287d73529da) Importer(815301076,1909f56bfc062723c751e8b465ee728b)  -> (artifact id: '98c2554e220dcb9e87896ba79f6396f7') in 0.008634 seconds 
  Import took 0.011054 seconds .

========================================================================
Received Import Request.
  Time since last request: 0.000098 seconds.
  path: Assets/_Heathen Engineering/Assets/UX/Icons/Flat Icons [Free]/Free Flat Arrow 2 E Icon.png
  artifactKey: Guid(e0cd4bae4d3ba9448ae4405c2c6a2ebf) Importer(815301076,1909f56bfc062723c751e8b465ee728b)
Start importing Assets/_Heathen Engineering/Assets/UX/Icons/Flat Icons [Free]/Free Flat Arrow 2 E Icon.png using Guid(e0cd4bae4d3ba9448ae4405c2c6a2ebf) Importer(815301076,1909f56bfc062723c751e8b465ee728b)  -> (artifact id: 'de992e64c83c8a912152cdf3fc0a3d1e') in 0.009192 seconds 
  Import took 0.011564 seconds .

========================================================================
Received Import Request.
  Time since last request: 0.000107 seconds.
  path: Assets/_Heathen Engineering/Assets/UX/Icons/Flat Icons [Free]/Free Flat Arrow 3 SE Icon.png
  artifactKey: Guid(d5882ef03c430c342ab211e6c2ceb253) Importer(815301076,1909f56bfc062723c751e8b465ee728b)
Start importing Assets/_Heathen Engineering/Assets/UX/Icons/Flat Icons [Free]/Free Flat Arrow 3 SE Icon.png using Guid(d5882ef03c430c342ab211e6c2ceb253) Importer(815301076,1909f56bfc062723c751e8b465ee728b)  -> (artifact id: '8f7255240858a3158c45fe67ce3caccd') in 0.009381 seconds 
  Import took 0.012046 seconds .

========================================================================
Received Import Request.
  Time since last request: 0.000100 seconds.
  path: Assets/_Heathen Engineering/Assets/UX/Icons/Flat Icons [Free]/Free Flat Arrow 3 E Icon.png
  artifactKey: Guid(2750da8e4b41f294090c5d2a83c0992f) Importer(815301076,1909f56bfc062723c751e8b465ee728b)
Start importing Assets/_Heathen Engineering/Assets/UX/Icons/Flat Icons [Free]/Free Flat Arrow 3 E Icon.png using Guid(2750da8e4b41f294090c5d2a83c0992f) Importer(815301076,1909f56bfc062723c751e8b465ee728b)  -> (artifact id: 'c780299b3ec3e54e2b39372e9fd1acf6') in 0.009922 seconds 
  Import took 0.012300 seconds .

========================================================================
Received Import Request.
  Time since last request: 0.000106 seconds.
  path: Assets/_Heathen Engineering/Assets/UX/Icons/Flat Icons [Free]/Free Flat Arrow 3 N Icon.png
  artifactKey: Guid(301fe569da9047c4988d46c1707ea4e5) Importer(815301076,1909f56bfc062723c751e8b465ee728b)
Start importing Assets/_Heathen Engineering/Assets/UX/Icons/Flat Icons [Free]/Free Flat Arrow 3 N Icon.png using Guid(301fe569da9047c4988d46c1707ea4e5) Importer(815301076,1909f56bfc062723c751e8b465ee728b)  -> (artifact id: '6c78f735a3ece3b71f806bb838a65be4') in 0.010197 seconds 
  Import took 0.012846 seconds .

========================================================================
Received Import Request.
  Time since last request: 0.000134 seconds.
  path: Assets/_Heathen Engineering/Assets/UX/Icons/Flat Icons [Free]/Free Flat Arrow 2 N Icon.png
  artifactKey: Guid(d10be4c155f6e254a998cc68201d1afc) Importer(815301076,1909f56bfc062723c751e8b465ee728b)
Start importing Assets/_Heathen Engineering/Assets/UX/Icons/Flat Icons [Free]/Free Flat Arrow 2 N Icon.png using Guid(d10be4c155f6e254a998cc68201d1afc) Importer(815301076,1909f56bfc062723c751e8b465ee728b)  -> (artifact id: '9958cd3ed5ee4bd753f12e1775997761') in 0.009063 seconds 
  Import took 0.011549 seconds .

========================================================================
Received Import Request.
  Time since last request: 0.000105 seconds.
  path: Assets/_Heathen Engineering/Assets/UX/Icons/Flat Icons [Free]/Free Flat Arrow 3 NE Icon.png
  artifactKey: Guid(45de8653136b13c4a9ecd7a7de0558f4) Importer(815301076,1909f56bfc062723c751e8b465ee728b)
Start importing Assets/_Heathen Engineering/Assets/UX/Icons/Flat Icons [Free]/Free Flat Arrow 3 NE Icon.png using Guid(45de8653136b13c4a9ecd7a7de0558f4) Importer(815301076,1909f56bfc062723c751e8b465ee728b)  -> (artifact id: 'd9c541779620cf04601844b0b9c6346e') in 0.009898 seconds 
  Import took 0.012382 seconds .

========================================================================
Received Import Request.
  Time since last request: 0.000098 seconds.
  path: Assets/_Heathen Engineering/Assets/UX/Icons/Flat Icons [Free]/Free Flat Arrow 1 NW Icon.png
  artifactKey: Guid(374f5d9702e6f8e40b920390c6e57387) Importer(815301076,1909f56bfc062723c751e8b465ee728b)
Start importing Assets/_Heathen Engineering/Assets/UX/Icons/Flat Icons [Free]/Free Flat Arrow 1 NW Icon.png using Guid(374f5d9702e6f8e40b920390c6e57387) Importer(815301076,1909f56bfc062723c751e8b465ee728b)  -> (artifact id: 'a88126296feaf23501650e64bcdaaf16') in 0.009291 seconds 
  Import took 0.011594 seconds .

========================================================================
Received Import Request.
  Time since last request: 0.000114 seconds.
  path: Assets/_Heathen Engineering/Assets/UX/Icons/Flat Icons [Free]/Free Flat Arrow 2 NW Icon.png
  artifactKey: Guid(afa13aa3dd1037b4684bb0e9a8e18d8f) Importer(815301076,1909f56bfc062723c751e8b465ee728b)
Start importing Assets/_Heathen Engineering/Assets/UX/Icons/Flat Icons [Free]/Free Flat Arrow 2 NW Icon.png using Guid(afa13aa3dd1037b4684bb0e9a8e18d8f) Importer(815301076,1909f56bfc062723c751e8b465ee728b)  -> (artifact id: 'fe3897dba312a07b3918f121a5ac03cf') in 0.009212 seconds 
  Import took 0.011695 seconds .

========================================================================
Received Import Request.
  Time since last request: 0.000098 seconds.
  path: Assets/_Heathen Engineering/Assets/UX/Icons/Flat Icons [Free]/Free Flat Arrow 1 SE Icon.png
  artifactKey: Guid(b32c7f736da6d414885853c4b34e31d7) Importer(815301076,1909f56bfc062723c751e8b465ee728b)
Start importing Assets/_Heathen Engineering/Assets/UX/Icons/Flat Icons [Free]/Free Flat Arrow 1 SE Icon.png using Guid(b32c7f736da6d414885853c4b34e31d7) Importer(815301076,1909f56bfc062723c751e8b465ee728b)  -> (artifact id: 'b2eea24c15519b86b37ead35e81955bd') in 0.009714 seconds 
  Import took 0.011867 seconds .

========================================================================
Received Import Request.
  Time since last request: 0.000102 seconds.
  path: Assets/_Heathen Engineering/Assets/UX/Icons/Flat Icons [Free]/Free Flat Arrow 2 W Icon.png
  artifactKey: Guid(23add5d3efd8ecd49af5c748108f341b) Importer(815301076,1909f56bfc062723c751e8b465ee728b)
Start importing Assets/_Heathen Engineering/Assets/UX/Icons/Flat Icons [Free]/Free Flat Arrow 2 W Icon.png using Guid(23add5d3efd8ecd49af5c748108f341b) Importer(815301076,1909f56bfc062723c751e8b465ee728b)  -> (artifact id: 'bf1d713c6b169f1ef6c95b79ddc53625') in 0.009881 seconds 
  Import took 0.012502 seconds .

========================================================================
Received Import Request.
  Time since last request: 0.000094 seconds.
  path: Assets/_Heathen Engineering/Assets/UX/Icons/Flat Icons [Free]/Free Flat Arrow 2 SE Icon.png
  artifactKey: Guid(b654f5b026561954c82e36116cf969a0) Importer(815301076,1909f56bfc062723c751e8b465ee728b)
Start importing Assets/_Heathen Engineering/Assets/UX/Icons/Flat Icons [Free]/Free Flat Arrow 2 SE Icon.png using Guid(b654f5b026561954c82e36116cf969a0) Importer(815301076,1909f56bfc062723c751e8b465ee728b)  -> (artifact id: 'cf792804305438852e993fa9a8fd5259') in 0.009834 seconds 
  Import took 0.012038 seconds .

========================================================================
Received Import Request.
  Time since last request: 0.000132 seconds.
  path: Assets/_Heathen Engineering/Assets/UX/Icons/Flat Icons [Free]/Free Flat Arrow 3 W Icon.png
  artifactKey: Guid(91f687269d00d8548a0c2a0e7e4736e1) Importer(815301076,1909f56bfc062723c751e8b465ee728b)
Start importing Assets/_Heathen Engineering/Assets/UX/Icons/Flat Icons [Free]/Free Flat Arrow 3 W Icon.png using Guid(91f687269d00d8548a0c2a0e7e4736e1) Importer(815301076,1909f56bfc062723c751e8b465ee728b)  -> (artifact id: '58b6dee789541b972a0f6369405efaa5') in 0.008988 seconds 
  Import took 0.011405 seconds .

========================================================================
Received Import Request.
  Time since last request: 0.334040 seconds.
  path: Assets/_Heathen Engineering/Assets/UX/Icons/Flat Icons [Free]/Free Flat Arrow 4 E Icon.png
  artifactKey: Guid(c3c804cbbfd6a8a4c8e930a1817c8780) Importer(815301076,1909f56bfc062723c751e8b465ee728b)
Start importing Assets/_Heathen Engineering/Assets/UX/Icons/Flat Icons [Free]/Free Flat Arrow 4 E Icon.png using Guid(c3c804cbbfd6a8a4c8e930a1817c8780) Importer(815301076,1909f56bfc062723c751e8b465ee728b)  -> (artifact id: '9b35660a6da8facf5a86e287f3348b84') in 0.009743 seconds 
  Import took 0.012431 seconds .

========================================================================
Received Import Request.
  Time since last request: 0.000097 seconds.
  path: Assets/_Heathen Engineering/Assets/UX/Icons/Flat Icons [Free]/Free Flat Arrow 4 SE Icon.png
  artifactKey: Guid(fded679b004775649be3308f6cdd4ce1) Importer(815301076,1909f56bfc062723c751e8b465ee728b)
Start importing Assets/_Heathen Engineering/Assets/UX/Icons/Flat Icons [Free]/Free Flat Arrow 4 SE Icon.png using Guid(fded679b004775649be3308f6cdd4ce1) Importer(815301076,1909f56bfc062723c751e8b465ee728b)  -> (artifact id: '94e9ed117b00122423ea517869f82844') in 0.009776 seconds 
  Import took 0.012246 seconds .

========================================================================
Received Import Request.
  Time since last request: 0.000104 seconds.
  path: Assets/_Heathen Engineering/Assets/UX/Icons/Flat Icons [Free]/Free Flat Arrow 5 E Icon.png
  artifactKey: Guid(00ed21c7ef7e3a44b94e06d4ac3927ae) Importer(815301076,1909f56bfc062723c751e8b465ee728b)
Start importing Assets/_Heathen Engineering/Assets/UX/Icons/Flat Icons [Free]/Free Flat Arrow 5 E Icon.png using Guid(00ed21c7ef7e3a44b94e06d4ac3927ae) Importer(815301076,1909f56bfc062723c751e8b465ee728b)  -> (artifact id: 'b098799142f40c60320bb2488d4ab935') in 0.009278 seconds 
  Import took 0.011694 seconds .

========================================================================
Received Import Request.
  Time since last request: 0.000114 seconds.
  path: Assets/_Heathen Engineering/Assets/UX/Icons/Flat Icons [Free]/Free Flat Arrow 6 E Icon.png
  artifactKey: Guid(a46e79e029da1d346bafdc2c86ce723e) Importer(815301076,1909f56bfc062723c751e8b465ee728b)
Start importing Assets/_Heathen Engineering/Assets/UX/Icons/Flat Icons [Free]/Free Flat Arrow 6 E Icon.png using Guid(a46e79e029da1d346bafdc2c86ce723e) Importer(815301076,1909f56bfc062723c751e8b465ee728b)  -> (artifact id: '4f28e55b2b857bfbc0021c4c62c2ca0e') in 0.009619 seconds 
  Import took 0.012035 seconds .

========================================================================
Received Import Request.
  Time since last request: 0.000112 seconds.
  path: Assets/_Heathen Engineering/Assets/UX/Icons/Flat Icons [Free]/Free Flat Arrow 5 S Icon.png
  artifactKey: Guid(d6335867c9dc6514aacb877716335be6) Importer(815301076,1909f56bfc062723c751e8b465ee728b)
Start importing Assets/_Heathen Engineering/Assets/UX/Icons/Flat Icons [Free]/Free Flat Arrow 5 S Icon.png using Guid(d6335867c9dc6514aacb877716335be6) Importer(815301076,1909f56bfc062723c751e8b465ee728b)  -> (artifact id: '5654972c8fb1b33d8c662d33875ffa10') in 0.009676 seconds 
  Import took 0.012170 seconds .

========================================================================
Received Import Request.
  Time since last request: 0.000097 seconds.
  path: Assets/_Heathen Engineering/Assets/UX/Icons/Flat Icons [Free]/Free Flat Arrow 4 NW Icon.png
  artifactKey: Guid(2289b2efc9ebb0a40a1d9e8f21419921) Importer(815301076,1909f56bfc062723c751e8b465ee728b)
Start importing Assets/_Heathen Engineering/Assets/UX/Icons/Flat Icons [Free]/Free Flat Arrow 4 NW Icon.png using Guid(2289b2efc9ebb0a40a1d9e8f21419921) Importer(815301076,1909f56bfc062723c751e8b465ee728b)  -> (artifact id: '6168f1965f029acb7d74a9234da6c6d5') in 0.009681 seconds 
  Import took 0.012372 seconds .

========================================================================
Received Import Request.
  Time since last request: 0.000096 seconds.
  path: Assets/_Heathen Engineering/Assets/UX/Icons/Flat Icons [Free]/Free Flat Arrow 6 SW Icon.png
  artifactKey: Guid(122305796e017fb4ea7f820bb04db8c1) Importer(815301076,1909f56bfc062723c751e8b465ee728b)
Start importing Assets/_Heathen Engineering/Assets/UX/Icons/Flat Icons [Free]/Free Flat Arrow 6 SW Icon.png using Guid(122305796e017fb4ea7f820bb04db8c1) Importer(815301076,1909f56bfc062723c751e8b465ee728b)  -> (artifact id: 'b3d00d1bcde503ff20247b02a0731f3c') in 0.010063 seconds 
  Import took 0.012358 seconds .

========================================================================
Received Import Request.
  Time since last request: 0.000102 seconds.
  path: Assets/_Heathen Engineering/Assets/UX/Icons/Flat Icons [Free]/Free Flat Arrow 4 SW Icon.png
  artifactKey: Guid(c252b24ff5831154d8ec8eaf6aae771d) Importer(815301076,1909f56bfc062723c751e8b465ee728b)
Start importing Assets/_Heathen Engineering/Assets/UX/Icons/Flat Icons [Free]/Free Flat Arrow 4 SW Icon.png using Guid(c252b24ff5831154d8ec8eaf6aae771d) Importer(815301076,1909f56bfc062723c751e8b465ee728b)  -> (artifact id: '84691dfb33afd1d7570c3ff20860a841') in 0.010908 seconds 
  Import took 0.013412 seconds .

========================================================================
Received Import Request.
  Time since last request: 0.000105 seconds.
  path: Assets/_Heathen Engineering/Assets/UX/Icons/Flat Icons [Free]/Free Flat Arrow 5 SE Icon.png
  artifactKey: Guid(346d57798d5f0444aaea807128d42e2e) Importer(815301076,1909f56bfc062723c751e8b465ee728b)
Start importing Assets/_Heathen Engineering/Assets/UX/Icons/Flat Icons [Free]/Free Flat Arrow 5 SE Icon.png using Guid(346d57798d5f0444aaea807128d42e2e) Importer(815301076,1909f56bfc062723c751e8b465ee728b)  -> (artifact id: '82a6821c2dc06240403b777b820d4ca4') in 0.011011 seconds 
  Import took 0.013525 seconds .

========================================================================
Received Import Request.
  Time since last request: 0.000101 seconds.
  path: Assets/_Heathen Engineering/Assets/UX/Icons/Flat Icons [Free]/Free Flat Arrow 6 SE Icon.png
  artifactKey: Guid(d4622e6f5db00d741b8679abf793e099) Importer(815301076,1909f56bfc062723c751e8b465ee728b)
Start importing Assets/_Heathen Engineering/Assets/UX/Icons/Flat Icons [Free]/Free Flat Arrow 6 SE Icon.png using Guid(d4622e6f5db00d741b8679abf793e099) Importer(815301076,1909f56bfc062723c751e8b465ee728b)  -> (artifact id: 'ee2fcf2e848f5f7a01f6781b1160cbb1') in 0.011341 seconds 
  Import took 0.013828 seconds .

========================================================================
Received Import Request.
  Time since last request: 0.000096 seconds.
  path: Assets/_Heathen Engineering/Assets/UX/Icons/Flat Icons [Free]/Free Flat Arrow 5 NE Icon.png
  artifactKey: Guid(8f76f869ee326b343a73aae09f60ed73) Importer(815301076,1909f56bfc062723c751e8b465ee728b)
Start importing Assets/_Heathen Engineering/Assets/UX/Icons/Flat Icons [Free]/Free Flat Arrow 5 NE Icon.png using Guid(8f76f869ee326b343a73aae09f60ed73) Importer(815301076,1909f56bfc062723c751e8b465ee728b)  -> (artifact id: 'df6e89752662ed2a18c995b96b2c9a58') in 0.012024 seconds 
  Import took 0.014471 seconds .

========================================================================
Received Import Request.
  Time since last request: 0.000096 seconds.
  path: Assets/_Heathen Engineering/Assets/UX/Icons/Flat Icons [Free]/Free Flat Arrow 5 W Icon.png
  artifactKey: Guid(323bd73710daae84dbc6117dacc5c496) Importer(815301076,1909f56bfc062723c751e8b465ee728b)
Start importing Assets/_Heathen Engineering/Assets/UX/Icons/Flat Icons [Free]/Free Flat Arrow 5 W Icon.png using Guid(323bd73710daae84dbc6117dacc5c496) Importer(815301076,1909f56bfc062723c751e8b465ee728b)  -> (artifact id: '7de99d56a5dc32ccc0d5808f9db01876') in 0.011409 seconds 
  Import took 0.013841 seconds .

========================================================================
Received Import Request.
  Time since last request: 0.000097 seconds.
  path: Assets/_Heathen Engineering/Assets/UX/Icons/Flat Icons [Free]/Free Flat Arrow 5 N Icon.png
  artifactKey: Guid(fa24baa939b84ad47bcbddd283623c62) Importer(815301076,1909f56bfc062723c751e8b465ee728b)
Start importing Assets/_Heathen Engineering/Assets/UX/Icons/Flat Icons [Free]/Free Flat Arrow 5 N Icon.png using Guid(fa24baa939b84ad47bcbddd283623c62) Importer(815301076,1909f56bfc062723c751e8b465ee728b)  -> (artifact id: 'da6dc89cf214ad34e4a4edbc727cec02') in 0.011150 seconds 
  Import took 0.013482 seconds .

========================================================================
Received Import Request.
  Time since last request: 0.000105 seconds.
  path: Assets/_Heathen Engineering/Assets/UX/Icons/Flat Icons [Free]/Free Flat Arrow 6 W Icon.png
  artifactKey: Guid(42996e417f9065f41aa52609eeedc5be) Importer(815301076,1909f56bfc062723c751e8b465ee728b)
Start importing Assets/_Heathen Engineering/Assets/UX/Icons/Flat Icons [Free]/Free Flat Arrow 6 W Icon.png using Guid(42996e417f9065f41aa52609eeedc5be) Importer(815301076,1909f56bfc062723c751e8b465ee728b)  -> (artifact id: '8cdcd1dc29b30d54822caa6bd2d4e77f') in 0.010716 seconds 
  Import took 0.013072 seconds .

========================================================================
Received Import Request.
  Time since last request: 0.000106 seconds.
  path: Assets/_Heathen Engineering/Assets/UX/Icons/Flat Icons [Free]/Free Flat Arrow 4 N Icon.png
  artifactKey: Guid(e4c4e46ba50bb604f86f4217e0f4f7dd) Importer(815301076,1909f56bfc062723c751e8b465ee728b)
Start importing Assets/_Heathen Engineering/Assets/UX/Icons/Flat Icons [Free]/Free Flat Arrow 4 N Icon.png using Guid(e4c4e46ba50bb604f86f4217e0f4f7dd) Importer(815301076,1909f56bfc062723c751e8b465ee728b)  -> (artifact id: 'afdc4dc9eb17d06e0062a36304690061') in 0.011974 seconds 
  Import took 0.014644 seconds .

========================================================================
Received Import Request.
  Time since last request: 0.000106 seconds.
  path: Assets/_Heathen Engineering/Assets/UX/Icons/Flat Icons [Free]/Free Flat Arrow 5 SW Icon.png
  artifactKey: Guid(66cea11fb6a86534ab82d8712d6f782b) Importer(815301076,1909f56bfc062723c751e8b465ee728b)
Start importing Assets/_Heathen Engineering/Assets/UX/Icons/Flat Icons [Free]/Free Flat Arrow 5 SW Icon.png using Guid(66cea11fb6a86534ab82d8712d6f782b) Importer(815301076,1909f56bfc062723c751e8b465ee728b)  -> (artifact id: 'e23954d3acf9093f3e7d79836183190e') in 0.009317 seconds 
  Import took 0.011671 seconds .

========================================================================
Received Import Request.
  Time since last request: 0.000104 seconds.
  path: Assets/_Heathen Engineering/Assets/UX/Icons/Flat Icons [Free]/Free Flat Arrow 4 S Icon.png
  artifactKey: Guid(eec1e2ce573a2614cbf0ced6d609e47b) Importer(815301076,1909f56bfc062723c751e8b465ee728b)
Start importing Assets/_Heathen Engineering/Assets/UX/Icons/Flat Icons [Free]/Free Flat Arrow 4 S Icon.png using Guid(eec1e2ce573a2614cbf0ced6d609e47b) Importer(815301076,1909f56bfc062723c751e8b465ee728b)  -> (artifact id: '5ff8c805f63eec3ca32f033296048a2b') in 0.010529 seconds 
  Import took 0.013058 seconds .

========================================================================
Received Import Request.
  Time since last request: 0.000105 seconds.
  path: Assets/_Heathen Engineering/Assets/UX/Icons/Flat Icons [Free]/Free Flat Arrow 5 NW Icon.png
  artifactKey: Guid(fd91c57f9d8f2a3439b5b42ac9bda3c8) Importer(815301076,1909f56bfc062723c751e8b465ee728b)
Start importing Assets/_Heathen Engineering/Assets/UX/Icons/Flat Icons [Free]/Free Flat Arrow 5 NW Icon.png using Guid(fd91c57f9d8f2a3439b5b42ac9bda3c8) Importer(815301076,1909f56bfc062723c751e8b465ee728b)  -> (artifact id: '6a4849fe72012cd25b9d22cee2a45de3') in 0.009405 seconds 
  Import took 0.011700 seconds .

========================================================================
Received Import Request.
  Time since last request: 0.000091 seconds.
  path: Assets/_Heathen Engineering/Assets/UX/Icons/Flat Icons [Free]/Free Flat Arrow 6 NW Icon.png
  artifactKey: Guid(6525d93bdc5c93142a517c6f47ef8545) Importer(815301076,1909f56bfc062723c751e8b465ee728b)
Start importing Assets/_Heathen Engineering/Assets/UX/Icons/Flat Icons [Free]/Free Flat Arrow 6 NW Icon.png using Guid(6525d93bdc5c93142a517c6f47ef8545) Importer(815301076,1909f56bfc062723c751e8b465ee728b)  -> (artifact id: 'bcc1670baa4dd033c7b2294187d5ec89') in 0.010349 seconds 
  Import took 0.012847 seconds .

========================================================================
Received Import Request.
  Time since last request: 0.000102 seconds.
  path: Assets/_Heathen Engineering/Assets/UX/Icons/Flat Icons [Free]/Free Flat Arrow 6 S Icon.png
  artifactKey: Guid(6b7fcd744b6435c42a82416b73b99e5e) Importer(815301076,1909f56bfc062723c751e8b465ee728b)
Start importing Assets/_Heathen Engineering/Assets/UX/Icons/Flat Icons [Free]/Free Flat Arrow 6 S Icon.png using Guid(6b7fcd744b6435c42a82416b73b99e5e) Importer(815301076,1909f56bfc062723c751e8b465ee728b)  -> (artifact id: 'e785a1e378ce2e92d9c5a81ba9a8a213') in 0.010310 seconds 
  Import took 0.012822 seconds .

========================================================================
Received Import Request.
  Time since last request: 0.000110 seconds.
  path: Assets/_Heathen Engineering/Assets/UX/Icons/Flat Icons [Free]/Free Flat Arrow 6 N Icon.png
  artifactKey: Guid(06f9cca2a215cad41966d4e9e9ff06f4) Importer(815301076,1909f56bfc062723c751e8b465ee728b)
Start importing Assets/_Heathen Engineering/Assets/UX/Icons/Flat Icons [Free]/Free Flat Arrow 6 N Icon.png using Guid(06f9cca2a215cad41966d4e9e9ff06f4) Importer(815301076,1909f56bfc062723c751e8b465ee728b)  -> (artifact id: '48f5b4c63e709929f334e4d3b03d27f4') in 0.010211 seconds 
  Import took 0.012737 seconds .

========================================================================
Received Import Request.
  Time since last request: 0.000101 seconds.
  path: Assets/_Heathen Engineering/Assets/UX/Icons/Flat Icons [Free]/Free Flat Arrow 6 NE Icon.png
  artifactKey: Guid(af2957dc9934d0f4b91b426b6275654e) Importer(815301076,1909f56bfc062723c751e8b465ee728b)
Start importing Assets/_Heathen Engineering/Assets/UX/Icons/Flat Icons [Free]/Free Flat Arrow 6 NE Icon.png using Guid(af2957dc9934d0f4b91b426b6275654e) Importer(815301076,1909f56bfc062723c751e8b465ee728b)  -> (artifact id: '420398891e2850bac33d2150943278d2') in 0.010043 seconds 
  Import took 0.012424 seconds .

========================================================================
Received Import Request.
  Time since last request: 0.000110 seconds.
  path: Assets/_Heathen Engineering/Assets/UX/Icons/Flat Icons [Free]/Free Flat Arrow 4 NE Icon.png
  artifactKey: Guid(a718555c3c9d59846ac98a0c328a6de1) Importer(815301076,1909f56bfc062723c751e8b465ee728b)
Start importing Assets/_Heathen Engineering/Assets/UX/Icons/Flat Icons [Free]/Free Flat Arrow 4 NE Icon.png using Guid(a718555c3c9d59846ac98a0c328a6de1) Importer(815301076,1909f56bfc062723c751e8b465ee728b)  -> (artifact id: '2cecaa67b148596fa6c4799ee33d2f58') in 0.009747 seconds 
  Import took 0.012239 seconds .

========================================================================
Received Import Request.
  Time since last request: 0.000103 seconds.
  path: Assets/_Heathen Engineering/Assets/UX/Icons/Flat Icons [Free]/Free Flat Arrow 4 W Icon.png
  artifactKey: Guid(539a4c67d1d328e4ab6c8f533d26a90b) Importer(815301076,1909f56bfc062723c751e8b465ee728b)
Start importing Assets/_Heathen Engineering/Assets/UX/Icons/Flat Icons [Free]/Free Flat Arrow 4 W Icon.png using Guid(539a4c67d1d328e4ab6c8f533d26a90b) Importer(815301076,1909f56bfc062723c751e8b465ee728b)  -> (artifact id: '7c8a1caa8c6976c281a73b5d45a8011d') in 0.010341 seconds 
  Import took 0.012924 seconds .

========================================================================
Received Import Request.
  Time since last request: 3.122375 seconds.
  path: Assets/_Heathen Engineering/Assets/UX/Icons/Flat Icons [Free]/Free Flat Arrow 7 E Icon.png
  artifactKey: Guid(3f18113a534a8544d94b42a95ef80ba4) Importer(815301076,1909f56bfc062723c751e8b465ee728b)
Start importing Assets/_Heathen Engineering/Assets/UX/Icons/Flat Icons [Free]/Free Flat Arrow 7 E Icon.png using Guid(3f18113a534a8544d94b42a95ef80ba4) Importer(815301076,1909f56bfc062723c751e8b465ee728b)  -> (artifact id: '47d89fb2ed73da23924c5ab7c17d7bc7') in 0.011763 seconds 
  Import took 0.014554 seconds .

========================================================================
Received Import Request.
  Time since last request: 0.000098 seconds.
  path: Assets/_Heathen Engineering/Assets/UX/Icons/Flat Icons [Free]/Free Flat Arrow 7 SE Icon.png
  artifactKey: Guid(12b5978509d7c4c40a7b23ff0adefc96) Importer(815301076,1909f56bfc062723c751e8b465ee728b)
Start importing Assets/_Heathen Engineering/Assets/UX/Icons/Flat Icons [Free]/Free Flat Arrow 7 SE Icon.png using Guid(12b5978509d7c4c40a7b23ff0adefc96) Importer(815301076,1909f56bfc062723c751e8b465ee728b)  -> (artifact id: '7491d6412c07671ccfd61a421707b6f2') in 0.012061 seconds 
  Import took 0.014333 seconds .

========================================================================
Received Import Request.
  Time since last request: 0.000109 seconds.
  path: Assets/_Heathen Engineering/Assets/UX/Icons/Flat Icons [Free]/Free Flat Arrow 7 S Icon.png
  artifactKey: Guid(9647c288cc4ffdf4696259c4d0838725) Importer(815301076,1909f56bfc062723c751e8b465ee728b)
Start importing Assets/_Heathen Engineering/Assets/UX/Icons/Flat Icons [Free]/Free Flat Arrow 7 S Icon.png using Guid(9647c288cc4ffdf4696259c4d0838725) Importer(815301076,1909f56bfc062723c751e8b465ee728b)  -> (artifact id: '89e9b57c51c362947e82ac96b8a01de8') in 0.011672 seconds 
  Import took 0.014206 seconds .

========================================================================
Received Import Request.
  Time since last request: 0.000117 seconds.
  path: Assets/_Heathen Engineering/Assets/UX/Icons/Flat Icons [Free]/Free Flat Arrow Curved Left 2 Icon.png
  artifactKey: Guid(663a79f194b91454aa36d58ffb23feb0) Importer(815301076,1909f56bfc062723c751e8b465ee728b)
Start importing Assets/_Heathen Engineering/Assets/UX/Icons/Flat Icons [Free]/Free Flat Arrow Curved Left 2 Icon.png using Guid(663a79f194b91454aa36d58ffb23feb0) Importer(815301076,1909f56bfc062723c751e8b465ee728b)  -> (artifact id: '1874f3d162a6866a281d69f721688165') in 0.011870 seconds 
  Import took 0.014487 seconds .

========================================================================
Received Import Request.
  Time since last request: 0.000115 seconds.
  path: Assets/_Heathen Engineering/Assets/UX/Icons/Flat Icons [Free]/Free Flat Arrow Curved Left 1 Icon.png
  artifactKey: Guid(1e08dbd0de1d24b4fa9ac49c8b10c0fe) Importer(815301076,1909f56bfc062723c751e8b465ee728b)
Start importing Assets/_Heathen Engineering/Assets/UX/Icons/Flat Icons [Free]/Free Flat Arrow Curved Left 1 Icon.png using Guid(1e08dbd0de1d24b4fa9ac49c8b10c0fe) Importer(815301076,1909f56bfc062723c751e8b465ee728b)  -> (artifact id: '6e97d05f9b538ba3fc870cbaf19c02c6') in 0.011173 seconds 
  Import took 0.013854 seconds .

========================================================================
Received Import Request.
  Time since last request: 0.000113 seconds.
  path: Assets/_Heathen Engineering/Assets/UX/Icons/Flat Icons [Free]/Free Flat Banner Icon.png
  artifactKey: Guid(a23c0d0f5384d9f43b834cdea5621314) Importer(815301076,1909f56bfc062723c751e8b465ee728b)
Start importing Assets/_Heathen Engineering/Assets/UX/Icons/Flat Icons [Free]/Free Flat Banner Icon.png using Guid(a23c0d0f5384d9f43b834cdea5621314) Importer(815301076,1909f56bfc062723c751e8b465ee728b)  -> (artifact id: '9b80960a4907a7d73ba45fa2566704c9') in 0.012314 seconds 
  Import took 0.015089 seconds .

========================================================================
Received Import Request.
  Time since last request: 0.000100 seconds.
  path: Assets/_Heathen Engineering/Assets/UX/Icons/Flat Icons [Free]/Free Flat Battery Smooth 1 Icon.png
  artifactKey: Guid(897fca193fcbd464caf717391a549ca4) Importer(815301076,1909f56bfc062723c751e8b465ee728b)
Start importing Assets/_Heathen Engineering/Assets/UX/Icons/Flat Icons [Free]/Free Flat Battery Smooth 1 Icon.png using Guid(897fca193fcbd464caf717391a549ca4) Importer(815301076,1909f56bfc062723c751e8b465ee728b)  -> (artifact id: 'c1ec5e314fabfbab484129ea796f6186') in 0.011532 seconds 
  Import took 0.014023 seconds .

========================================================================
Received Import Request.
  Time since last request: 0.000103 seconds.
  path: Assets/_Heathen Engineering/Assets/UX/Icons/Flat Icons [Free]/Free Flat Battery Smooth 3 Icon.png
  artifactKey: Guid(3695b77399e10b540a875e03221764f9) Importer(815301076,1909f56bfc062723c751e8b465ee728b)
Start importing Assets/_Heathen Engineering/Assets/UX/Icons/Flat Icons [Free]/Free Flat Battery Smooth 3 Icon.png using Guid(3695b77399e10b540a875e03221764f9) Importer(815301076,1909f56bfc062723c751e8b465ee728b)  -> (artifact id: 'e39bd2d19722e111ed6d8fdf975c2390') in 0.011120 seconds 
  Import took 0.013607 seconds .

========================================================================
Received Import Request.
  Time since last request: 0.000109 seconds.
  path: Assets/_Heathen Engineering/Assets/UX/Icons/Flat Icons [Free]/Free Flat Award Icon.png
  artifactKey: Guid(879eb3196bae02649b9360b472267f9d) Importer(815301076,1909f56bfc062723c751e8b465ee728b)
Start importing Assets/_Heathen Engineering/Assets/UX/Icons/Flat Icons [Free]/Free Flat Award Icon.png using Guid(879eb3196bae02649b9360b472267f9d) Importer(815301076,1909f56bfc062723c751e8b465ee728b)  -> (artifact id: '75ca8026901009616a0899037755f5ef') in 0.010681 seconds 
  Import took 0.013128 seconds .

========================================================================
Received Import Request.
  Time since last request: 0.000107 seconds.
  path: Assets/_Heathen Engineering/Assets/UX/Icons/Flat Icons [Free]/Free Flat Battery No Dashless Icon.png
  artifactKey: Guid(6a6898f5f34b5154aa1b3d44f98bc92b) Importer(815301076,1909f56bfc062723c751e8b465ee728b)
Start importing Assets/_Heathen Engineering/Assets/UX/Icons/Flat Icons [Free]/Free Flat Battery No Dashless Icon.png using Guid(6a6898f5f34b5154aa1b3d44f98bc92b) Importer(815301076,1909f56bfc062723c751e8b465ee728b)  -> (artifact id: '6a32b34c26e7234af0cd77844d9a3603') in 0.009731 seconds 
  Import took 0.012485 seconds .

========================================================================
Received Import Request.
  Time since last request: 0.000104 seconds.
  path: Assets/_Heathen Engineering/Assets/UX/Icons/Flat Icons [Free]/Free Flat Battery No Icon.png
  artifactKey: Guid(d52aaa3c2c8f6554ca1c329a5a1dbcd8) Importer(815301076,1909f56bfc062723c751e8b465ee728b)
Start importing Assets/_Heathen Engineering/Assets/UX/Icons/Flat Icons [Free]/Free Flat Battery No Icon.png using Guid(d52aaa3c2c8f6554ca1c329a5a1dbcd8) Importer(815301076,1909f56bfc062723c751e8b465ee728b)  -> (artifact id: 'b8df76b817b4cc1a7f6234b20ac63d8e') in 0.010176 seconds 
  Import took 0.012501 seconds .

========================================================================
Received Import Request.
  Time since last request: 0.000103 seconds.
  path: Assets/_Heathen Engineering/Assets/UX/Icons/Flat Icons [Free]/Free Flat Arrow 7 NE Icon.png
  artifactKey: Guid(1a83eb6ac686eed459df16a011de8fdf) Importer(815301076,1909f56bfc062723c751e8b465ee728b)
Start importing Assets/_Heathen Engineering/Assets/UX/Icons/Flat Icons [Free]/Free Flat Arrow 7 NE Icon.png using Guid(1a83eb6ac686eed459df16a011de8fdf) Importer(815301076,1909f56bfc062723c751e8b465ee728b)  -> (artifact id: 'ed9b793137ddbc92e39cefe86fb8102b') in 0.008977 seconds 
  Import took 0.011556 seconds .

========================================================================
Received Import Request.
  Time since last request: 0.000107 seconds.
  path: Assets/_Heathen Engineering/Assets/UX/Icons/Flat Icons [Free]/Free Flat Arrow 7 SW Icon.png
  artifactKey: Guid(f9d826ed2cdfb594b916ba79efd8ad7e) Importer(815301076,1909f56bfc062723c751e8b465ee728b)
Start importing Assets/_Heathen Engineering/Assets/UX/Icons/Flat Icons [Free]/Free Flat Arrow 7 SW Icon.png using Guid(f9d826ed2cdfb594b916ba79efd8ad7e) Importer(815301076,1909f56bfc062723c751e8b465ee728b)  -> (artifact id: 'be52966c36aa1ee71a1ce7a2968fe611') in 0.009359 seconds 
  Import took 0.011907 seconds .

========================================================================
Received Import Request.
  Time since last request: 0.000109 seconds.
  path: Assets/_Heathen Engineering/Assets/UX/Icons/Flat Icons [Free]/Free Flat Arrow Curved Right 2 Icon.png
  artifactKey: Guid(2bc9d759bddc7c449b69b96a63557c9c) Importer(815301076,1909f56bfc062723c751e8b465ee728b)
Start importing Assets/_Heathen Engineering/Assets/UX/Icons/Flat Icons [Free]/Free Flat Arrow Curved Right 2 Icon.png using Guid(2bc9d759bddc7c449b69b96a63557c9c) Importer(815301076,1909f56bfc062723c751e8b465ee728b)  -> (artifact id: '503a3401eb21d60c41ee5671dbd3897b') in 0.010762 seconds 
  Import took 0.013292 seconds .

========================================================================
Received Import Request.
  Time since last request: 0.000096 seconds.
  path: Assets/_Heathen Engineering/Assets/UX/Icons/Flat Icons [Free]/Free Flat Arrow 7 NW Icon.png
  artifactKey: Guid(ccc4a761be474794aa34e8820d384ff4) Importer(815301076,1909f56bfc062723c751e8b465ee728b)
Start importing Assets/_Heathen Engineering/Assets/UX/Icons/Flat Icons [Free]/Free Flat Arrow 7 NW Icon.png using Guid(ccc4a761be474794aa34e8820d384ff4) Importer(815301076,1909f56bfc062723c751e8b465ee728b)  -> (artifact id: '88d2392bd4fa3825799bd2cb16b2b71d') in 0.009896 seconds 
  Import took 0.012358 seconds .

========================================================================
Received Import Request.
  Time since last request: 0.000122 seconds.
  path: Assets/_Heathen Engineering/Assets/UX/Icons/Flat Icons [Free]/Free Flat Bag 1 Icon.png
  artifactKey: Guid(09ff2c9da44bcb740befe466a832c257) Importer(815301076,1909f56bfc062723c751e8b465ee728b)
Start importing Assets/_Heathen Engineering/Assets/UX/Icons/Flat Icons [Free]/Free Flat Bag 1 Icon.png using Guid(09ff2c9da44bcb740befe466a832c257) Importer(815301076,1909f56bfc062723c751e8b465ee728b)  -> (artifact id: '0e2371fe0f4f20f4ed8832fbdadddd47') in 0.010001 seconds 
  Import took 0.012623 seconds .

========================================================================
Received Import Request.
  Time since last request: 0.000104 seconds.
  path: Assets/_Heathen Engineering/Assets/UX/Icons/Flat Icons [Free]/Free Flat Battery Smooth 2 Icon.png
  artifactKey: Guid(82031b80b43cc524fae78ff6c698aee9) Importer(815301076,1909f56bfc062723c751e8b465ee728b)
Start importing Assets/_Heathen Engineering/Assets/UX/Icons/Flat Icons [Free]/Free Flat Battery Smooth 2 Icon.png using Guid(82031b80b43cc524fae78ff6c698aee9) Importer(815301076,1909f56bfc062723c751e8b465ee728b)  -> (artifact id: '40a4a41b4d1c34a6584c619b6a47213c') in 0.009989 seconds 
  Import took 0.012392 seconds .

========================================================================
Received Import Request.
  Time since last request: 0.000098 seconds.
  path: Assets/_Heathen Engineering/Assets/UX/Icons/Flat Icons [Free]/Free Flat Arrow 7 N Icon.png
  artifactKey: Guid(e019bdf0d3613c04abc6f970450486c8) Importer(815301076,1909f56bfc062723c751e8b465ee728b)
Start importing Assets/_Heathen Engineering/Assets/UX/Icons/Flat Icons [Free]/Free Flat Arrow 7 N Icon.png using Guid(e019bdf0d3613c04abc6f970450486c8) Importer(815301076,1909f56bfc062723c751e8b465ee728b)  -> (artifact id: '3f7f2e05c2bb37c2b3af8dc866abaad7') in 0.008914 seconds 
  Import took 0.011343 seconds .

========================================================================
Received Import Request.
  Time since last request: 0.000106 seconds.
  path: Assets/_Heathen Engineering/Assets/UX/Icons/Flat Icons [Free]/Free Flat Battery Smooth 4 Icon.png
  artifactKey: Guid(f9633802d07c8534b822260661b2dcdb) Importer(815301076,1909f56bfc062723c751e8b465ee728b)
Start importing Assets/_Heathen Engineering/Assets/UX/Icons/Flat Icons [Free]/Free Flat Battery Smooth 4 Icon.png using Guid(f9633802d07c8534b822260661b2dcdb) Importer(815301076,1909f56bfc062723c751e8b465ee728b)  -> (artifact id: 'd7b0d0146446d951c71615fb6b2c096f') in 0.009659 seconds 
  Import took 0.011989 seconds .

========================================================================
Received Import Request.
  Time since last request: 0.000090 seconds.
  path: Assets/_Heathen Engineering/Assets/UX/Icons/Flat Icons [Free]/Free Flat Arrow Curved Right 1 Icon.png
  artifactKey: Guid(b938362154adb7647b816e89388f2492) Importer(815301076,1909f56bfc062723c751e8b465ee728b)
Start importing Assets/_Heathen Engineering/Assets/UX/Icons/Flat Icons [Free]/Free Flat Arrow Curved Right 1 Icon.png using Guid(b938362154adb7647b816e89388f2492) Importer(815301076,1909f56bfc062723c751e8b465ee728b)  -> (artifact id: 'd8f78070e1175700aaef1cac63514434') in 0.009129 seconds 
  Import took 0.011612 seconds .

========================================================================
Received Import Request.
  Time since last request: 0.000096 seconds.
  path: Assets/_Heathen Engineering/Assets/UX/Icons/Flat Icons [Free]/Free Flat Arrow 7 W Icon.png
  artifactKey: Guid(e84e4078783da5147bc34c68e2842556) Importer(815301076,1909f56bfc062723c751e8b465ee728b)
Start importing Assets/_Heathen Engineering/Assets/UX/Icons/Flat Icons [Free]/Free Flat Arrow 7 W Icon.png using Guid(e84e4078783da5147bc34c68e2842556) Importer(815301076,1909f56bfc062723c751e8b465ee728b)  -> (artifact id: '77dcb56de0ee4ed41337bca44d17e8c2') in 0.009792 seconds 
  Import took 0.012164 seconds .

========================================================================
Received Import Request.
  Time since last request: 0.000115 seconds.
  path: Assets/_Heathen Engineering/Assets/UX/Icons/Flat Icons [Free]/Free Flat Battery Empty Icon.png
  artifactKey: Guid(52ef2ea9601187e4c9fd3db7dd7027f3) Importer(815301076,1909f56bfc062723c751e8b465ee728b)
Start importing Assets/_Heathen Engineering/Assets/UX/Icons/Flat Icons [Free]/Free Flat Battery Empty Icon.png using Guid(52ef2ea9601187e4c9fd3db7dd7027f3) Importer(815301076,1909f56bfc062723c751e8b465ee728b)  -> (artifact id: 'a7956a9a6ea9daf541341a0a4ef378ac') in 0.009164 seconds 
  Import took 0.011643 seconds .

========================================================================
Received Import Request.
  Time since last request: 0.000101 seconds.
  path: Assets/_Heathen Engineering/Assets/UX/Icons/Flat Icons [Free]/Free Flat Battery No Dash Icon.png
  artifactKey: Guid(ba2f65608a2209040afff27eab9cece5) Importer(815301076,1909f56bfc062723c751e8b465ee728b)
Start importing Assets/_Heathen Engineering/Assets/UX/Icons/Flat Icons [Free]/Free Flat Battery No Dash Icon.png using Guid(ba2f65608a2209040afff27eab9cece5) Importer(815301076,1909f56bfc062723c751e8b465ee728b)  -> (artifact id: '63514bc147d61033c52e00936771e49c') in 0.009392 seconds 
  Import took 0.011773 seconds .

========================================================================
Received Import Request.
  Time since last request: 0.000104 seconds.
  path: Assets/_Heathen Engineering/Assets/UX/Icons/Flat Icons [Free]/Free Flat Bag 2 Icon.png
  artifactKey: Guid(e40cf289098674f4a98b0bba32cf9c3c) Importer(815301076,1909f56bfc062723c751e8b465ee728b)
Start importing Assets/_Heathen Engineering/Assets/UX/Icons/Flat Icons [Free]/Free Flat Bag 2 Icon.png using Guid(e40cf289098674f4a98b0bba32cf9c3c) Importer(815301076,1909f56bfc062723c751e8b465ee728b)  -> (artifact id: 'b5ea10f6a3e538e5ee5da543e724afa5') in 0.009616 seconds 
  Import took 0.012046 seconds .

========================================================================
Received Import Request.
  Time since last request: 138.315704 seconds.
  path: Assets/Sprites/Player Select.png
  artifactKey: Guid(df8d85ca15f1359439f54dedbc2b6333) Importer(815301076,1909f56bfc062723c751e8b465ee728b)
Start importing Assets/Sprites/Player Select.png using Guid(df8d85ca15f1359439f54dedbc2b6333) Importer(815301076,1909f56bfc062723c751e8b465ee728b)  -> (artifact id: '42c142fc3ba96233123e8b14ae81e332') in 0.016718 seconds 
  Import took 0.019474 seconds .

========================================================================
Received Import Request.
  Time since last request: 6.729027 seconds.
  path: Assets/Sprites/Player Select.png
  artifactKey: Guid(df8d85ca15f1359439f54dedbc2b6333) Importer(815301076,1909f56bfc062723c751e8b465ee728b)
Start importing Assets/Sprites/Player Select.png using Guid(df8d85ca15f1359439f54dedbc2b6333) Importer(815301076,1909f56bfc062723c751e8b465ee728b)  -> (artifact id: 'f2359a9dd23e8807d0e3a576d8578657') in 0.019433 seconds 
  Import took 0.022188 seconds .

========================================================================
Received Import Request.
  Time since last request: 150.463566 seconds.
  path: Assets/Scripts/MainMenuController.cs
  artifactKey: Guid(ce01ff03796f3f44696132b7c959bfcf) Importer(815301076,1909f56bfc062723c751e8b465ee728b)
Start importing Assets/Scripts/MainMenuController.cs using Guid(ce01ff03796f3f44696132b7c959bfcf) Importer(815301076,1909f56bfc062723c751e8b465ee728b)  -> (artifact id: 'fa8fe671be2660ec04f80620950f842d') in 0.006905 seconds 
  Import took 0.009935 seconds .

========================================================================
Received Prepare
Registering precompiled user dll's ...
Registered in 0.001732 seconds.
Begin MonoManager ReloadAssembly
Native extension for WindowsStandalone target not found
Refreshing native plugins compatible for Editor in 0.45 ms, found 3 plugins.
Preloading 0 native plugins for Editor in 0.00 ms.
Mono: successfully reloaded assembly
- Completed reload, in  0.609 seconds
Domain Reload Profiling:
	ReloadAssembly (610ms)
		BeginReloadAssembly (77ms)
			ExecutionOrderSort (0ms)
			DisableScriptedObjects (4ms)
			BackupInstance (0ms)
			ReleaseScriptingObjects (0ms)
			CreateAndSetChildDomain (25ms)
		EndReloadAssembly (495ms)
			LoadAssemblies (52ms)
			RebuildTransferFunctionScriptingTraits (0ms)
			SetupTypeCache (172ms)
			ReleaseScriptCaches (1ms)
			RebuildScriptCaches (25ms)
			SetupLoadedEditorAssemblies (188ms)
				LogAssemblyErrors (0ms)
				InitializePlatformSupportModulesInManaged (3ms)
				SetLoadedEditorAssemblies (0ms)
				RefreshPlugins (0ms)
				BeforeProcessingInitializeOnLoad (52ms)
				ProcessInitializeOnLoadAttributes (121ms)
				ProcessInitializeOnLoadMethodAttributes (7ms)
				AfterProcessingInitializeOnLoad (3ms)
				EditorAssembliesLoaded (0ms)
			ExecutionOrderSort2 (0ms)
			AwakeInstancesAfterBackupRestoration (6ms)
Platform modules already initialized, skipping
Refreshing native plugins compatible for Editor in 0.42 ms, found 3 plugins.
Preloading 0 native plugins for Editor in 0.00 ms.
Unloading 2198 Unused Serialized files (Serialized files now loaded: 0)
System memory in use before: 98.8 MB.
System memory in use after: 98.9 MB.

Unloading 17 unused Assets to reduce memory usage. Loaded Objects now: 2653.
Total: 2.159300 ms (FindLiveObjects: 0.114400 ms CreateObjectMapping: 0.045900 ms MarkObjects: 1.987800 ms  DeleteObjects: 0.010600 ms)

AssetImportParameters requested are different than current active one (requested -> active):
  custom:framework-win-MediaFoundation: 216162199b28c13a410421893ffa2e32 -> 
  custom:video-decoder-ogg-theora: a1e56fd34408186e4bbccfd4996cb3dc -> 
  custom:container-muxer-webm: aa71ff27fc2769a1b78a27578f13a17b -> 
  custom:container-demuxer-webm: 4f35f7cbe854078d1ac9338744f61a02 -> 
  custom:container-demuxer-ogg: 62fdf1f143b41e24485cea50d1cbac27 -> 
  custom:video-encoder-webm-vp8: eb34c28f22e8b96e1ab97ce403110664 -> 
  custom:video-decoder-webm-vp8: 9c59270c3fd7afecdb556c50c9e8de78 -> 
  custom:audio-decoder-ogg-vorbis: bf7c407c2cedff20999df2af8eb42d56 -> 
  custom:audio-encoder-webm-vorbis: bf7c407c2cedff20999df2af8eb42d56 -> 
========================================================================
Received Prepare
Registering precompiled user dll's ...
Registered in 0.001691 seconds.
Begin MonoManager ReloadAssembly
Native extension for WindowsStandalone target not found
Refreshing native plugins compatible for Editor in 0.46 ms, found 3 plugins.
Preloading 0 native plugins for Editor in 0.00 ms.
Mono: successfully reloaded assembly
- Completed reload, in  0.634 seconds
Domain Reload Profiling:
	ReloadAssembly (635ms)
		BeginReloadAssembly (89ms)
			ExecutionOrderSort (0ms)
			DisableScriptedObjects (4ms)
			BackupInstance (0ms)
			ReleaseScriptingObjects (0ms)
			CreateAndSetChildDomain (25ms)
		EndReloadAssembly (508ms)
			LoadAssemblies (56ms)
			RebuildTransferFunctionScriptingTraits (0ms)
			SetupTypeCache (172ms)
			ReleaseScriptCaches (1ms)
			RebuildScriptCaches (25ms)
			SetupLoadedEditorAssemblies (193ms)
				LogAssemblyErrors (0ms)
				InitializePlatformSupportModulesInManaged (3ms)
				SetLoadedEditorAssemblies (0ms)
				RefreshPlugins (1ms)
				BeforeProcessingInitializeOnLoad (54ms)
				ProcessInitializeOnLoadAttributes (124ms)
				ProcessInitializeOnLoadMethodAttributes (7ms)
				AfterProcessingInitializeOnLoad (4ms)
				EditorAssembliesLoaded (0ms)
			ExecutionOrderSort2 (0ms)
			AwakeInstancesAfterBackupRestoration (6ms)
Platform modules already initialized, skipping
Refreshing native plugins compatible for Editor in 0.33 ms, found 3 plugins.
Preloading 0 native plugins for Editor in 0.00 ms.
Unloading 2198 Unused Serialized files (Serialized files now loaded: 0)
System memory in use before: 98.8 MB.
System memory in use after: 98.9 MB.

Unloading 17 unused Assets to reduce memory usage. Loaded Objects now: 2655.
Total: 2.163900 ms (FindLiveObjects: 0.134000 ms CreateObjectMapping: 0.044100 ms MarkObjects: 1.971900 ms  DeleteObjects: 0.012800 ms)

AssetImportParameters requested are different than current active one (requested -> active):
  custom:framework-win-MediaFoundation: 216162199b28c13a410421893ffa2e32 -> 
  custom:video-decoder-ogg-theora: a1e56fd34408186e4bbccfd4996cb3dc -> 
  custom:container-muxer-webm: aa71ff27fc2769a1b78a27578f13a17b -> 
  custom:container-demuxer-webm: 4f35f7cbe854078d1ac9338744f61a02 -> 
  custom:container-demuxer-ogg: 62fdf1f143b41e24485cea50d1cbac27 -> 
  custom:video-encoder-webm-vp8: eb34c28f22e8b96e1ab97ce403110664 -> 
  custom:video-decoder-webm-vp8: 9c59270c3fd7afecdb556c50c9e8de78 -> 
  custom:audio-decoder-ogg-vorbis: bf7c407c2cedff20999df2af8eb42d56 -> 
  custom:audio-encoder-webm-vorbis: bf7c407c2cedff20999df2af8eb42d56 -> 
========================================================================
Received Prepare
Registering precompiled user dll's ...
Registered in 0.001944 seconds.
Begin MonoManager ReloadAssembly
Native extension for WindowsStandalone target not found
Refreshing native plugins compatible for Editor in 0.47 ms, found 3 plugins.
Preloading 0 native plugins for Editor in 0.00 ms.
Mono: successfully reloaded assembly
- Completed reload, in  0.626 seconds
Domain Reload Profiling:
	ReloadAssembly (626ms)
		BeginReloadAssembly (83ms)
			ExecutionOrderSort (0ms)
			DisableScriptedObjects (4ms)
			BackupInstance (0ms)
			ReleaseScriptingObjects (0ms)
			CreateAndSetChildDomain (25ms)
		EndReloadAssembly (504ms)
			LoadAssemblies (53ms)
			RebuildTransferFunctionScriptingTraits (0ms)
			SetupTypeCache (172ms)
			ReleaseScriptCaches (1ms)
			RebuildScriptCaches (25ms)
			SetupLoadedEditorAssemblies (192ms)
				LogAssemblyErrors (0ms)
				InitializePlatformSupportModulesInManaged (3ms)
				SetLoadedEditorAssemblies (0ms)
				RefreshPlugins (1ms)
				BeforeProcessingInitializeOnLoad (53ms)
				ProcessInitializeOnLoadAttributes (124ms)
				ProcessInitializeOnLoadMethodAttributes (7ms)
				AfterProcessingInitializeOnLoad (3ms)
				EditorAssembliesLoaded (0ms)
			ExecutionOrderSort2 (0ms)
			AwakeInstancesAfterBackupRestoration (6ms)
Platform modules already initialized, skipping
Refreshing native plugins compatible for Editor in 0.32 ms, found 3 plugins.
Preloading 0 native plugins for Editor in 0.00 ms.
Unloading 2198 Unused Serialized files (Serialized files now loaded: 0)
System memory in use before: 98.8 MB.
System memory in use after: 98.9 MB.

Unloading 17 unused Assets to reduce memory usage. Loaded Objects now: 2657.
Total: 2.411100 ms (FindLiveObjects: 0.182800 ms CreateObjectMapping: 0.085100 ms MarkObjects: 2.128800 ms  DeleteObjects: 0.013500 ms)

AssetImportParameters requested are different than current active one (requested -> active):
  custom:framework-win-MediaFoundation: 216162199b28c13a410421893ffa2e32 -> 
  custom:video-decoder-ogg-theora: a1e56fd34408186e4bbccfd4996cb3dc -> 
  custom:container-muxer-webm: aa71ff27fc2769a1b78a27578f13a17b -> 
  custom:container-demuxer-webm: 4f35f7cbe854078d1ac9338744f61a02 -> 
  custom:container-demuxer-ogg: 62fdf1f143b41e24485cea50d1cbac27 -> 
  custom:video-encoder-webm-vp8: eb34c28f22e8b96e1ab97ce403110664 -> 
  custom:video-decoder-webm-vp8: 9c59270c3fd7afecdb556c50c9e8de78 -> 
  custom:audio-decoder-ogg-vorbis: bf7c407c2cedff20999df2af8eb42d56 -> 
  custom:audio-encoder-webm-vorbis: bf7c407c2cedff20999df2af8eb42d56 -> 
========================================================================
Received Prepare
Registering precompiled user dll's ...
Registered in 0.001778 seconds.
Begin MonoManager ReloadAssembly
Native extension for WindowsStandalone target not found
Refreshing native plugins compatible for Editor in 0.45 ms, found 3 plugins.
Preloading 0 native plugins for Editor in 0.00 ms.
Mono: successfully reloaded assembly
- Completed reload, in  0.601 seconds
Domain Reload Profiling:
	ReloadAssembly (601ms)
		BeginReloadAssembly (74ms)
			ExecutionOrderSort (0ms)
			DisableScriptedObjects (4ms)
			BackupInstance (0ms)
			ReleaseScriptingObjects (0ms)
			CreateAndSetChildDomain (24ms)
		EndReloadAssembly (490ms)
			LoadAssemblies (51ms)
			RebuildTransferFunctionScriptingTraits (0ms)
			SetupTypeCache (169ms)
			ReleaseScriptCaches (1ms)
			RebuildScriptCaches (24ms)
			SetupLoadedEditorAssemblies (186ms)
				LogAssemblyErrors (0ms)
				InitializePlatformSupportModulesInManaged (3ms)
				SetLoadedEditorAssemblies (0ms)
				RefreshPlugins (0ms)
				BeforeProcessingInitializeOnLoad (51ms)
				ProcessInitializeOnLoadAttributes (120ms)
				ProcessInitializeOnLoadMethodAttributes (7ms)
				AfterProcessingInitializeOnLoad (3ms)
				EditorAssembliesLoaded (0ms)
			ExecutionOrderSort2 (0ms)
			AwakeInstancesAfterBackupRestoration (6ms)
Platform modules already initialized, skipping
Refreshing native plugins compatible for Editor in 0.44 ms, found 3 plugins.
Preloading 0 native plugins for Editor in 0.00 ms.
Unloading 2198 Unused Serialized files (Serialized files now loaded: 0)
System memory in use before: 98.8 MB.
System memory in use after: 99.0 MB.

Unloading 17 unused Assets to reduce memory usage. Loaded Objects now: 2659.
Total: 2.181900 ms (FindLiveObjects: 0.138100 ms CreateObjectMapping: 0.055000 ms MarkObjects: 1.976400 ms  DeleteObjects: 0.011800 ms)

AssetImportParameters requested are different than current active one (requested -> active):
  custom:framework-win-MediaFoundation: 216162199b28c13a410421893ffa2e32 -> 
  custom:video-decoder-ogg-theora: a1e56fd34408186e4bbccfd4996cb3dc -> 
  custom:container-muxer-webm: aa71ff27fc2769a1b78a27578f13a17b -> 
  custom:container-demuxer-webm: 4f35f7cbe854078d1ac9338744f61a02 -> 
  custom:container-demuxer-ogg: 62fdf1f143b41e24485cea50d1cbac27 -> 
  custom:video-encoder-webm-vp8: eb34c28f22e8b96e1ab97ce403110664 -> 
  custom:video-decoder-webm-vp8: 9c59270c3fd7afecdb556c50c9e8de78 -> 
  custom:audio-decoder-ogg-vorbis: bf7c407c2cedff20999df2af8eb42d56 -> 
  custom:audio-encoder-webm-vorbis: bf7c407c2cedff20999df2af8eb42d56 -> 
========================================================================
Received Prepare
Registering precompiled user dll's ...
Registered in 0.001771 seconds.
Begin MonoManager ReloadAssembly
Native extension for WindowsStandalone target not found
Refreshing native plugins compatible for Editor in 0.46 ms, found 3 plugins.
Preloading 0 native plugins for Editor in 0.00 ms.
Mono: successfully reloaded assembly
- Completed reload, in  0.614 seconds
Domain Reload Profiling:
	ReloadAssembly (614ms)
		BeginReloadAssembly (73ms)
			ExecutionOrderSort (0ms)
			DisableScriptedObjects (4ms)
			BackupInstance (0ms)
			ReleaseScriptingObjects (0ms)
			CreateAndSetChildDomain (24ms)
		EndReloadAssembly (503ms)
			LoadAssemblies (52ms)
			RebuildTransferFunctionScriptingTraits (0ms)
			SetupTypeCache (173ms)
			ReleaseScriptCaches (1ms)
			RebuildScriptCaches (25ms)
			SetupLoadedEditorAssemblies (192ms)
				LogAssemblyErrors (0ms)
				InitializePlatformSupportModulesInManaged (3ms)
				SetLoadedEditorAssemblies (0ms)
				RefreshPlugins (0ms)
				BeforeProcessingInitializeOnLoad (52ms)
				ProcessInitializeOnLoadAttributes (125ms)
				ProcessInitializeOnLoadMethodAttributes (7ms)
				AfterProcessingInitializeOnLoad (4ms)
				EditorAssembliesLoaded (0ms)
			ExecutionOrderSort2 (0ms)
			AwakeInstancesAfterBackupRestoration (6ms)
Platform modules already initialized, skipping
Refreshing native plugins compatible for Editor in 0.46 ms, found 3 plugins.
Preloading 0 native plugins for Editor in 0.00 ms.
Unloading 2198 Unused Serialized files (Serialized files now loaded: 0)
System memory in use before: 98.8 MB.
System memory in use after: 99.0 MB.

Unloading 17 unused Assets to reduce memory usage. Loaded Objects now: 2661.
Total: 2.380500 ms (FindLiveObjects: 0.139900 ms CreateObjectMapping: 0.057600 ms MarkObjects: 2.166600 ms  DeleteObjects: 0.015200 ms)

AssetImportParameters requested are different than current active one (requested -> active):
  custom:framework-win-MediaFoundation: 216162199b28c13a410421893ffa2e32 -> 
  custom:video-decoder-ogg-theora: a1e56fd34408186e4bbccfd4996cb3dc -> 
  custom:container-muxer-webm: aa71ff27fc2769a1b78a27578f13a17b -> 
  custom:container-demuxer-webm: 4f35f7cbe854078d1ac9338744f61a02 -> 
  custom:container-demuxer-ogg: 62fdf1f143b41e24485cea50d1cbac27 -> 
  custom:video-encoder-webm-vp8: eb34c28f22e8b96e1ab97ce403110664 -> 
  custom:video-decoder-webm-vp8: 9c59270c3fd7afecdb556c50c9e8de78 -> 
  custom:audio-decoder-ogg-vorbis: bf7c407c2cedff20999df2af8eb42d56 -> 
  custom:audio-encoder-webm-vorbis: bf7c407c2cedff20999df2af8eb42d56 -> 
========================================================================
Received Prepare
Registering precompiled user dll's ...
Registered in 0.001830 seconds.
Begin MonoManager ReloadAssembly
Native extension for WindowsStandalone target not found
Refreshing native plugins compatible for Editor in 0.55 ms, found 3 plugins.
Preloading 0 native plugins for Editor in 0.00 ms.
Mono: successfully reloaded assembly
- Completed reload, in  0.622 seconds
Domain Reload Profiling:
	ReloadAssembly (622ms)
		BeginReloadAssembly (87ms)
			ExecutionOrderSort (0ms)
			DisableScriptedObjects (4ms)
			BackupInstance (0ms)
			ReleaseScriptingObjects (0ms)
			CreateAndSetChildDomain (23ms)
		EndReloadAssembly (495ms)
			LoadAssemblies (54ms)
			RebuildTransferFunctionScriptingTraits (0ms)
			SetupTypeCache (168ms)
			ReleaseScriptCaches (1ms)
			RebuildScriptCaches (24ms)
			SetupLoadedEditorAssemblies (192ms)
				LogAssemblyErrors (0ms)
				InitializePlatformSupportModulesInManaged (3ms)
				SetLoadedEditorAssemblies (0ms)
				RefreshPlugins (1ms)
				BeforeProcessingInitializeOnLoad (55ms)
				ProcessInitializeOnLoadAttributes (123ms)
				ProcessInitializeOnLoadMethodAttributes (7ms)
				AfterProcessingInitializeOnLoad (3ms)
				EditorAssembliesLoaded (0ms)
			ExecutionOrderSort2 (0ms)
			AwakeInstancesAfterBackupRestoration (6ms)
Platform modules already initialized, skipping
Refreshing native plugins compatible for Editor in 0.43 ms, found 3 plugins.
Preloading 0 native plugins for Editor in 0.00 ms.
Unloading 2198 Unused Serialized files (Serialized files now loaded: 0)
System memory in use before: 98.8 MB.
System memory in use after: 99.0 MB.

Unloading 17 unused Assets to reduce memory usage. Loaded Objects now: 2663.
Total: 2.245100 ms (FindLiveObjects: 0.142800 ms CreateObjectMapping: 0.057700 ms MarkObjects: 2.031700 ms  DeleteObjects: 0.012200 ms)

AssetImportParameters requested are different than current active one (requested -> active):
  custom:framework-win-MediaFoundation: 216162199b28c13a410421893ffa2e32 -> 
  custom:video-decoder-ogg-theora: a1e56fd34408186e4bbccfd4996cb3dc -> 
  custom:container-muxer-webm: aa71ff27fc2769a1b78a27578f13a17b -> 
  custom:container-demuxer-webm: 4f35f7cbe854078d1ac9338744f61a02 -> 
  custom:container-demuxer-ogg: 62fdf1f143b41e24485cea50d1cbac27 -> 
  custom:video-encoder-webm-vp8: eb34c28f22e8b96e1ab97ce403110664 -> 
  custom:video-decoder-webm-vp8: 9c59270c3fd7afecdb556c50c9e8de78 -> 
  custom:audio-decoder-ogg-vorbis: bf7c407c2cedff20999df2af8eb42d56 -> 
  custom:audio-encoder-webm-vorbis: bf7c407c2cedff20999df2af8eb42d56 -> 
========================================================================
Received Import Request.
  Time since last request: 438.907639 seconds.
  path: Assets/Scripts/GameManager.cs
  artifactKey: Guid(da29bb4108485424a8e35df85ca753e1) Importer(815301076,1909f56bfc062723c751e8b465ee728b)
Start importing Assets/Scripts/GameManager.cs using Guid(da29bb4108485424a8e35df85ca753e1) Importer(815301076,1909f56bfc062723c751e8b465ee728b)  -> (artifact id: 'e8d85ce2ca7e81e759ebf174cf78487a') in 0.008370 seconds 
  Import took 0.011106 seconds .

========================================================================
Received Prepare
Registering precompiled user dll's ...
Registered in 0.001859 seconds.
Begin MonoManager ReloadAssembly
Native extension for WindowsStandalone target not found
Refreshing native plugins compatible for Editor in 0.46 ms, found 3 plugins.
Preloading 0 native plugins for Editor in 0.00 ms.
Mono: successfully reloaded assembly
- Completed reload, in  0.616 seconds
Domain Reload Profiling:
	ReloadAssembly (616ms)
		BeginReloadAssembly (74ms)
			ExecutionOrderSort (0ms)
			DisableScriptedObjects (4ms)
			BackupInstance (0ms)
			ReleaseScriptingObjects (0ms)
			CreateAndSetChildDomain (23ms)
		EndReloadAssembly (498ms)
			LoadAssemblies (51ms)
			RebuildTransferFunctionScriptingTraits (0ms)
			SetupTypeCache (170ms)
			ReleaseScriptCaches (1ms)
			RebuildScriptCaches (25ms)
			SetupLoadedEditorAssemblies (192ms)
				LogAssemblyErrors (0ms)
				InitializePlatformSupportModulesInManaged (3ms)
				SetLoadedEditorAssemblies (0ms)
				RefreshPlugins (0ms)
				BeforeProcessingInitializeOnLoad (53ms)
				ProcessInitializeOnLoadAttributes (124ms)
				ProcessInitializeOnLoadMethodAttributes (7ms)
				AfterProcessingInitializeOnLoad (4ms)
				EditorAssembliesLoaded (0ms)
			ExecutionOrderSort2 (0ms)
			AwakeInstancesAfterBackupRestoration (6ms)
Platform modules already initialized, skipping
Refreshing native plugins compatible for Editor in 0.39 ms, found 3 plugins.
Preloading 0 native plugins for Editor in 0.00 ms.
Unloading 2199 Unused Serialized files (Serialized files now loaded: 0)
System memory in use before: 98.9 MB.
System memory in use after: 99.0 MB.

Unloading 17 unused Assets to reduce memory usage. Loaded Objects now: 2666.
Total: 2.265500 ms (FindLiveObjects: 0.132800 ms CreateObjectMapping: 0.049500 ms MarkObjects: 2.069600 ms  DeleteObjects: 0.013000 ms)

AssetImportParameters requested are different than current active one (requested -> active):
  custom:framework-win-MediaFoundation: 216162199b28c13a410421893ffa2e32 -> 
  custom:video-decoder-ogg-theora: a1e56fd34408186e4bbccfd4996cb3dc -> 
  custom:container-muxer-webm: aa71ff27fc2769a1b78a27578f13a17b -> 
  custom:container-demuxer-webm: 4f35f7cbe854078d1ac9338744f61a02 -> 
  custom:container-demuxer-ogg: 62fdf1f143b41e24485cea50d1cbac27 -> 
  custom:video-encoder-webm-vp8: eb34c28f22e8b96e1ab97ce403110664 -> 
  custom:video-decoder-webm-vp8: 9c59270c3fd7afecdb556c50c9e8de78 -> 
  custom:audio-decoder-ogg-vorbis: bf7c407c2cedff20999df2af8eb42d56 -> 
  custom:audio-encoder-webm-vorbis: bf7c407c2cedff20999df2af8eb42d56 -> 
========================================================================
Received Import Request.
  Time since last request: 33.680456 seconds.
  path: Assets/Scripts/GameManager.cs
  artifactKey: Guid(da29bb4108485424a8e35df85ca753e1) Importer(815301076,1909f56bfc062723c751e8b465ee728b)
Start importing Assets/Scripts/GameManager.cs using Guid(da29bb4108485424a8e35df85ca753e1) Importer(815301076,1909f56bfc062723c751e8b465ee728b)  -> (artifact id: 'fad079cc3b7ec5d0f949f15bdc3e3298') in 0.006892 seconds 
  Import took 0.010622 seconds .

========================================================================
Received Import Request.
  Time since last request: 0.757131 seconds.
  path: Assets/Scripts/GameManager.cs
  artifactKey: Guid(da29bb4108485424a8e35df85ca753e1) Importer(815301076,1909f56bfc062723c751e8b465ee728b)
Start importing Assets/Scripts/GameManager.cs using Guid(da29bb4108485424a8e35df85ca753e1) Importer(815301076,1909f56bfc062723c751e8b465ee728b)  -> (artifact id: '64a605f9809f66f8151c2033988ae03c') in 0.001895 seconds 
  Import took 0.004356 seconds .

========================================================================
Received Prepare
Registering precompiled user dll's ...
Registered in 0.002027 seconds.
Begin MonoManager ReloadAssembly
Native extension for WindowsStandalone target not found
Refreshing native plugins compatible for Editor in 0.47 ms, found 3 plugins.
Preloading 0 native plugins for Editor in 0.00 ms.
Mono: successfully reloaded assembly
- Completed reload, in  0.601 seconds
Domain Reload Profiling:
	ReloadAssembly (602ms)
		BeginReloadAssembly (73ms)
			ExecutionOrderSort (0ms)
			DisableScriptedObjects (4ms)
			BackupInstance (0ms)
			ReleaseScriptingObjects (0ms)
			CreateAndSetChildDomain (22ms)
		EndReloadAssembly (490ms)
			LoadAssemblies (51ms)
			RebuildTransferFunctionScriptingTraits (0ms)
			SetupTypeCache (166ms)
			ReleaseScriptCaches (1ms)
			RebuildScriptCaches (24ms)
			SetupLoadedEditorAssemblies (189ms)
				LogAssemblyErrors (0ms)
				InitializePlatformSupportModulesInManaged (3ms)
				SetLoadedEditorAssemblies (0ms)
				RefreshPlugins (1ms)
				BeforeProcessingInitializeOnLoad (53ms)
				ProcessInitializeOnLoadAttributes (122ms)
				ProcessInitializeOnLoadMethodAttributes (7ms)
				AfterProcessingInitializeOnLoad (3ms)
				EditorAssembliesLoaded (0ms)
			ExecutionOrderSort2 (0ms)
			AwakeInstancesAfterBackupRestoration (6ms)
Platform modules already initialized, skipping
Refreshing native plugins compatible for Editor in 0.41 ms, found 3 plugins.
Preloading 0 native plugins for Editor in 0.00 ms.
Unloading 2199 Unused Serialized files (Serialized files now loaded: 0)
System memory in use before: 98.9 MB.
System memory in use after: 99.0 MB.

Unloading 17 unused Assets to reduce memory usage. Loaded Objects now: 2668.
Total: 2.074800 ms (FindLiveObjects: 0.131300 ms CreateObjectMapping: 0.041600 ms MarkObjects: 1.889900 ms  DeleteObjects: 0.011200 ms)

AssetImportParameters requested are different than current active one (requested -> active):
  custom:framework-win-MediaFoundation: 216162199b28c13a410421893ffa2e32 -> 
  custom:video-decoder-ogg-theora: a1e56fd34408186e4bbccfd4996cb3dc -> 
  custom:container-muxer-webm: aa71ff27fc2769a1b78a27578f13a17b -> 
  custom:container-demuxer-webm: 4f35f7cbe854078d1ac9338744f61a02 -> 
  custom:container-demuxer-ogg: 62fdf1f143b41e24485cea50d1cbac27 -> 
  custom:video-encoder-webm-vp8: eb34c28f22e8b96e1ab97ce403110664 -> 
  custom:video-decoder-webm-vp8: 9c59270c3fd7afecdb556c50c9e8de78 -> 
  custom:audio-decoder-ogg-vorbis: bf7c407c2cedff20999df2af8eb42d56 -> 
  custom:audio-encoder-webm-vorbis: bf7c407c2cedff20999df2af8eb42d56 -> 
========================================================================
Received Prepare
Registering precompiled user dll's ...
Registered in 0.001852 seconds.
Begin MonoManager ReloadAssembly
Native extension for WindowsStandalone target not found
Refreshing native plugins compatible for Editor in 0.46 ms, found 3 plugins.
Preloading 0 native plugins for Editor in 0.00 ms.
Mono: successfully reloaded assembly
- Completed reload, in  0.636 seconds
Domain Reload Profiling:
	ReloadAssembly (636ms)
		BeginReloadAssembly (79ms)
			ExecutionOrderSort (0ms)
			DisableScriptedObjects (4ms)
			BackupInstance (0ms)
			ReleaseScriptingObjects (0ms)
			CreateAndSetChildDomain (24ms)
		EndReloadAssembly (518ms)
			LoadAssemblies (54ms)
			RebuildTransferFunctionScriptingTraits (0ms)
			SetupTypeCache (180ms)
			ReleaseScriptCaches (1ms)
			RebuildScriptCaches (26ms)
			SetupLoadedEditorAssemblies (195ms)
				LogAssemblyErrors (0ms)
				InitializePlatformSupportModulesInManaged (3ms)
				SetLoadedEditorAssemblies (0ms)
				RefreshPlugins (0ms)
				BeforeProcessingInitializeOnLoad (54ms)
				ProcessInitializeOnLoadAttributes (125ms)
				ProcessInitializeOnLoadMethodAttributes (8ms)
				AfterProcessingInitializeOnLoad (4ms)
				EditorAssembliesLoaded (0ms)
			ExecutionOrderSort2 (0ms)
			AwakeInstancesAfterBackupRestoration (6ms)
Platform modules already initialized, skipping
Refreshing native plugins compatible for Editor in 0.43 ms, found 3 plugins.
Preloading 0 native plugins for Editor in 0.00 ms.
Unloading 2199 Unused Serialized files (Serialized files now loaded: 0)
System memory in use before: 98.9 MB.
System memory in use after: 99.0 MB.

Unloading 17 unused Assets to reduce memory usage. Loaded Objects now: 2670.
Total: 2.618900 ms (FindLiveObjects: 0.154900 ms CreateObjectMapping: 0.065800 ms MarkObjects: 2.381400 ms  DeleteObjects: 0.015900 ms)

AssetImportParameters requested are different than current active one (requested -> active):
  custom:framework-win-MediaFoundation: 216162199b28c13a410421893ffa2e32 -> 
  custom:video-decoder-ogg-theora: a1e56fd34408186e4bbccfd4996cb3dc -> 
  custom:container-muxer-webm: aa71ff27fc2769a1b78a27578f13a17b -> 
  custom:container-demuxer-webm: 4f35f7cbe854078d1ac9338744f61a02 -> 
  custom:container-demuxer-ogg: 62fdf1f143b41e24485cea50d1cbac27 -> 
  custom:video-encoder-webm-vp8: eb34c28f22e8b96e1ab97ce403110664 -> 
  custom:video-decoder-webm-vp8: 9c59270c3fd7afecdb556c50c9e8de78 -> 
  custom:audio-decoder-ogg-vorbis: bf7c407c2cedff20999df2af8eb42d56 -> 
  custom:audio-encoder-webm-vorbis: bf7c407c2cedff20999df2af8eb42d56 -> 
========================================================================
Received Prepare
Registering precompiled user dll's ...
Registered in 0.001698 seconds.
Begin MonoManager ReloadAssembly
Native extension for WindowsStandalone target not found
Refreshing native plugins compatible for Editor in 0.47 ms, found 3 plugins.
Preloading 0 native plugins for Editor in 0.00 ms.
Mono: successfully reloaded assembly
- Completed reload, in  0.617 seconds
Domain Reload Profiling:
	ReloadAssembly (618ms)
		BeginReloadAssembly (80ms)
			ExecutionOrderSort (0ms)
			DisableScriptedObjects (4ms)
			BackupInstance (0ms)
			ReleaseScriptingObjects (0ms)
			CreateAndSetChildDomain (24ms)
		EndReloadAssembly (500ms)
			LoadAssemblies (53ms)
			RebuildTransferFunctionScriptingTraits (0ms)
			SetupTypeCache (172ms)
			ReleaseScriptCaches (1ms)
			RebuildScriptCaches (25ms)
			SetupLoadedEditorAssemblies (189ms)
				LogAssemblyErrors (0ms)
				InitializePlatformSupportModulesInManaged (3ms)
				SetLoadedEditorAssemblies (0ms)
				RefreshPlugins (1ms)
				BeforeProcessingInitializeOnLoad (53ms)
				ProcessInitializeOnLoadAttributes (122ms)
				ProcessInitializeOnLoadMethodAttributes (7ms)
				AfterProcessingInitializeOnLoad (4ms)
				EditorAssembliesLoaded (0ms)
			ExecutionOrderSort2 (0ms)
			AwakeInstancesAfterBackupRestoration (6ms)
Platform modules already initialized, skipping
Refreshing native plugins compatible for Editor in 0.29 ms, found 3 plugins.
Preloading 0 native plugins for Editor in 0.00 ms.
Unloading 2199 Unused Serialized files (Serialized files now loaded: 0)
System memory in use before: 98.9 MB.
System memory in use after: 99.0 MB.

Unloading 17 unused Assets to reduce memory usage. Loaded Objects now: 2672.
Total: 2.484400 ms (FindLiveObjects: 0.132700 ms CreateObjectMapping: 0.048100 ms MarkObjects: 2.288100 ms  DeleteObjects: 0.014600 ms)

AssetImportParameters requested are different than current active one (requested -> active):
  custom:framework-win-MediaFoundation: 216162199b28c13a410421893ffa2e32 -> 
  custom:video-decoder-ogg-theora: a1e56fd34408186e4bbccfd4996cb3dc -> 
  custom:container-muxer-webm: aa71ff27fc2769a1b78a27578f13a17b -> 
  custom:container-demuxer-webm: 4f35f7cbe854078d1ac9338744f61a02 -> 
  custom:container-demuxer-ogg: 62fdf1f143b41e24485cea50d1cbac27 -> 
  custom:video-encoder-webm-vp8: eb34c28f22e8b96e1ab97ce403110664 -> 
  custom:video-decoder-webm-vp8: 9c59270c3fd7afecdb556c50c9e8de78 -> 
  custom:audio-decoder-ogg-vorbis: bf7c407c2cedff20999df2af8eb42d56 -> 
  custom:audio-encoder-webm-vorbis: bf7c407c2cedff20999df2af8eb42d56 -> 
========================================================================
Received Prepare
Registering precompiled user dll's ...
Registered in 0.001705 seconds.
Begin MonoManager ReloadAssembly
Native extension for WindowsStandalone target not found
Refreshing native plugins compatible for Editor in 0.47 ms, found 3 plugins.
Preloading 0 native plugins for Editor in 0.00 ms.
Mono: successfully reloaded assembly
- Completed reload, in  0.620 seconds
Domain Reload Profiling:
	ReloadAssembly (620ms)
		BeginReloadAssembly (85ms)
			ExecutionOrderSort (0ms)
			DisableScriptedObjects (4ms)
			BackupInstance (0ms)
			ReleaseScriptingObjects (0ms)
			CreateAndSetChildDomain (24ms)
		EndReloadAssembly (497ms)
			LoadAssemblies (53ms)
			RebuildTransferFunctionScriptingTraits (0ms)
			SetupTypeCache (168ms)
			ReleaseScriptCaches (1ms)
			RebuildScriptCaches (25ms)
			SetupLoadedEditorAssemblies (190ms)
				LogAssemblyErrors (0ms)
				InitializePlatformSupportModulesInManaged (3ms)
				SetLoadedEditorAssemblies (0ms)
				RefreshPlugins (1ms)
				BeforeProcessingInitializeOnLoad (53ms)
				ProcessInitializeOnLoadAttributes (123ms)
				ProcessInitializeOnLoadMethodAttributes (7ms)
				AfterProcessingInitializeOnLoad (3ms)
				EditorAssembliesLoaded (0ms)
			ExecutionOrderSort2 (0ms)
			AwakeInstancesAfterBackupRestoration (6ms)
Platform modules already initialized, skipping
Refreshing native plugins compatible for Editor in 0.32 ms, found 3 plugins.
Preloading 0 native plugins for Editor in 0.00 ms.
Unloading 2199 Unused Serialized files (Serialized files now loaded: 0)
System memory in use before: 98.9 MB.
System memory in use after: 99.0 MB.

Unloading 17 unused Assets to reduce memory usage. Loaded Objects now: 2674.
Total: 2.454300 ms (FindLiveObjects: 0.159800 ms CreateObjectMapping: 0.054700 ms MarkObjects: 2.226000 ms  DeleteObjects: 0.012900 ms)

AssetImportParameters requested are different than current active one (requested -> active):
  custom:framework-win-MediaFoundation: 216162199b28c13a410421893ffa2e32 -> 
  custom:video-decoder-ogg-theora: a1e56fd34408186e4bbccfd4996cb3dc -> 
  custom:container-muxer-webm: aa71ff27fc2769a1b78a27578f13a17b -> 
  custom:container-demuxer-webm: 4f35f7cbe854078d1ac9338744f61a02 -> 
  custom:container-demuxer-ogg: 62fdf1f143b41e24485cea50d1cbac27 -> 
  custom:video-encoder-webm-vp8: eb34c28f22e8b96e1ab97ce403110664 -> 
  custom:video-decoder-webm-vp8: 9c59270c3fd7afecdb556c50c9e8de78 -> 
  custom:audio-decoder-ogg-vorbis: bf7c407c2cedff20999df2af8eb42d56 -> 
  custom:audio-encoder-webm-vorbis: bf7c407c2cedff20999df2af8eb42d56 -> 
========================================================================
Received Prepare
Registering precompiled user dll's ...
Registered in 0.001781 seconds.
Begin MonoManager ReloadAssembly
Native extension for WindowsStandalone target not found
Refreshing native plugins compatible for Editor in 0.46 ms, found 3 plugins.
Preloading 0 native plugins for Editor in 0.00 ms.
Mono: successfully reloaded assembly
- Completed reload, in  0.608 seconds
Domain Reload Profiling:
	ReloadAssembly (609ms)
		BeginReloadAssembly (78ms)
			ExecutionOrderSort (0ms)
			DisableScriptedObjects (5ms)
			BackupInstance (0ms)
			ReleaseScriptingObjects (0ms)
			CreateAndSetChildDomain (24ms)
		EndReloadAssembly (492ms)
			LoadAssemblies (55ms)
			RebuildTransferFunctionScriptingTraits (0ms)
			SetupTypeCache (169ms)
			ReleaseScriptCaches (1ms)
			RebuildScriptCaches (25ms)
			SetupLoadedEditorAssemblies (186ms)
				LogAssemblyErrors (0ms)
				InitializePlatformSupportModulesInManaged (3ms)
				SetLoadedEditorAssemblies (0ms)
				RefreshPlugins (0ms)
				BeforeProcessingInitializeOnLoad (52ms)
				ProcessInitializeOnLoadAttributes (120ms)
				ProcessInitializeOnLoadMethodAttributes (7ms)
				AfterProcessingInitializeOnLoad (3ms)
				EditorAssembliesLoaded (0ms)
			ExecutionOrderSort2 (0ms)
			AwakeInstancesAfterBackupRestoration (6ms)
Platform modules already initialized, skipping
Refreshing native plugins compatible for Editor in 0.33 ms, found 3 plugins.
Preloading 0 native plugins for Editor in 0.00 ms.
Unloading 2199 Unused Serialized files (Serialized files now loaded: 0)
System memory in use before: 98.9 MB.
System memory in use after: 99.0 MB.

Unloading 17 unused Assets to reduce memory usage. Loaded Objects now: 2676.
Total: 2.573200 ms (FindLiveObjects: 0.189900 ms CreateObjectMapping: 0.103900 ms MarkObjects: 2.263200 ms  DeleteObjects: 0.015500 ms)

AssetImportParameters requested are different than current active one (requested -> active):
  custom:framework-win-MediaFoundation: 216162199b28c13a410421893ffa2e32 -> 
  custom:video-decoder-ogg-theora: a1e56fd34408186e4bbccfd4996cb3dc -> 
  custom:container-muxer-webm: aa71ff27fc2769a1b78a27578f13a17b -> 
  custom:container-demuxer-webm: 4f35f7cbe854078d1ac9338744f61a02 -> 
  custom:container-demuxer-ogg: 62fdf1f143b41e24485cea50d1cbac27 -> 
  custom:video-encoder-webm-vp8: eb34c28f22e8b96e1ab97ce403110664 -> 
  custom:video-decoder-webm-vp8: 9c59270c3fd7afecdb556c50c9e8de78 -> 
  custom:audio-decoder-ogg-vorbis: bf7c407c2cedff20999df2af8eb42d56 -> 
  custom:audio-encoder-webm-vorbis: bf7c407c2cedff20999df2af8eb42d56 -> 
AssetImportWorkerClient::OnTransportError - code=2 error=End of file
